<?xml version="1.0" encoding="UTF-8"?>
<!-- Generated by org.testng.reporters.JUnitXMLReporter -->
<testsuite hostname="WTC-5159473-l2" ignored="0" name="Default test" tests="460" failures="19" timestamp="22 Nov 2019 17:17:45 GMT" time="943.366" errors="0">
  <testcase name="Update_Login_Information" time="33.777" classname="Test_Data_Update.TestData_Update"/>
  <testcase name="Update_Login_Information" time="40.605" classname="Test_Data_Update.TestData_Update"/>
  <testcase name="Update_Login_Information" time="40.987" classname="Test_Data_Update.TestData_Update"/>
  <testcase name="Update_Login_Information" time="41.222" classname="Test_Data_Update.TestData_Update"/>
  <testcase name="Update_Login_Information" time="41.949" classname="Test_Data_Update.TestData_Update"/>
  <testcase name="Update_Login_Information" time="42.039" classname="Test_Data_Update.TestData_Update"/>
  <testcase name="Update_Login_Information" time="42.196" classname="Test_Data_Update.TestData_Update"/>
  <testcase name="Update_Login_Information" time="43.584" classname="Test_Data_Update.TestData_Update"/>
  <testcase name="Update_Login_Information" time="43.702" classname="Test_Data_Update.TestData_Update"/>
  <testcase name="Update_Login_Information" time="51.728" classname="Test_Data_Update.TestData_Update"/>
  <testcase name="Update_Login_Information" time="39.843" classname="Test_Data_Update.TestData_Update"/>
  <testcase name="Update_Login_Information" time="37.1" classname="Test_Data_Update.TestData_Update"/>
  <testcase name="Update_Login_Information" time="39.758" classname="Test_Data_Update.TestData_Update"/>
  <testcase name="Update_Login_Information" time="41.488" classname="Test_Data_Update.TestData_Update"/>
  <testcase name="Update_Login_Information" time="39.041" classname="Test_Data_Update.TestData_Update"/>
  <testcase name="Update_Login_Information" time="44.004" classname="Test_Data_Update.TestData_Update"/>
  <testcase name="Update_Login_Information" time="45.638" classname="Test_Data_Update.TestData_Update"/>
  <testcase name="Update_Login_Information" time="44.393" classname="Test_Data_Update.TestData_Update"/>
  <testcase name="Update_Login_Information" time="38.429" classname="Test_Data_Update.TestData_Update"/>
  <testcase name="Update_Login_Information" time="49.475" classname="Test_Data_Update.TestData_Update"/>
  <testcase name="Update_Login_Information" time="26.17" classname="Test_Data_Update.TestData_Update"/>
  <testcase name="Update_Login_Information" time="32.639" classname="Test_Data_Update.TestData_Update"/>
  <testcase name="Update_Login_Information" time="23.728" classname="Test_Data_Update.TestData_Update"/>
  <testcase name="Update_Login_Information" time="28.765" classname="Test_Data_Update.TestData_Update"/>
  <testcase name="Update_Login_Information" time="31.856" classname="Test_Data_Update.TestData_Update"/>
  <testcase name="Update_Login_Information" time="36.268" classname="Test_Data_Update.TestData_Update"/>
  <testcase name="Update_Login_Information" time="44.322" classname="Test_Data_Update.TestData_Update"/>
  <testcase name="Update_Login_Information" time="44.36" classname="Test_Data_Update.TestData_Update"/>
  <testcase name="Update_Login_Information" time="46.588" classname="Test_Data_Update.TestData_Update"/>
  <testcase name="Update_Login_Information" time="50.689" classname="Test_Data_Update.TestData_Update"/>
  <testcase name="Update_Login_Information" time="62.11" classname="Test_Data_Update.TestData_Update"/>
  <testcase name="Update_Login_Information" time="55.006" classname="Test_Data_Update.TestData_Update"/>
  <testcase name="Update_Login_Information" time="64.216" classname="Test_Data_Update.TestData_Update"/>
  <testcase name="Update_Login_Information" time="70.421" classname="Test_Data_Update.TestData_Update"/>
  <testcase name="Update_Login_Information" time="65.247" classname="Test_Data_Update.TestData_Update"/>
  <testcase name="Update_Login_Information" time="63.629" classname="Test_Data_Update.TestData_Update"/>
  <testcase name="Update_Login_Information" time="53.582" classname="Test_Data_Update.TestData_Update"/>
  <testcase name="Update_Login_Information" time="52.604" classname="Test_Data_Update.TestData_Update"/>
  <testcase name="Update_Login_Information" time="52.69" classname="Test_Data_Update.TestData_Update"/>
  <testcase name="Update_Login_Information" time="24.673" classname="Test_Data_Update.TestData_Update"/>
  <testcase name="Update_Login_Information" time="77.998" classname="Test_Data_Update.TestData_Update"/>
  <testcase name="Update_Login_Information" time="43.376" classname="Test_Data_Update.TestData_Update"/>
  <testcase name="Update_Login_Information" time="43.275" classname="Test_Data_Update.TestData_Update"/>
  <testcase name="Update_Login_Information" time="37.271" classname="Test_Data_Update.TestData_Update"/>
  <testcase name="Update_Login_Information" time="35.925" classname="Test_Data_Update.TestData_Update"/>
  <testcase name="Update_Login_Information" time="41.617" classname="Test_Data_Update.TestData_Update"/>
  <testcase name="Update_Login_Information" time="36.456" classname="Test_Data_Update.TestData_Update"/>
  <testcase name="Update_Login_Information" time="13.748" classname="Test_Data_Update.TestData_Update"/>
  <testcase name="Update_Login_Information" time="43.551" classname="Test_Data_Update.TestData_Update"/>
  <testcase name="Update_Login_Information" time="28.073" classname="Test_Data_Update.TestData_Update"/>
  <testcase name="Update_Login_Information" time="26.861" classname="Test_Data_Update.TestData_Update"/>
  <testcase name="Update_Login_Information" time="27.152" classname="Test_Data_Update.TestData_Update"/>
  <testcase name="Update_Login_Information" time="51.138" classname="Test_Data_Update.TestData_Update"/>
  <testcase name="Update_Login_Information" time="50.371" classname="Test_Data_Update.TestData_Update"/>
  <testcase name="Update_Login_Information" time="23.66" classname="Test_Data_Update.TestData_Update"/>
  <testcase name="Update_Login_Information" time="24.064" classname="Test_Data_Update.TestData_Update"/>
  <testcase name="Update_Login_Information" time="17.024" classname="Test_Data_Update.TestData_Update"/>
  <testcase name="Update_Login_Information" time="20.39" classname="Test_Data_Update.TestData_Update"/>
  <testcase name="Update_Login_Information" time="14.618" classname="Test_Data_Update.TestData_Update"/>
  <testcase name="Update_Login_Information" time="14.337" classname="Test_Data_Update.TestData_Update"/>
  <testcase name="Update_Login_Information" time="16.104" classname="Test_Data_Update.TestData_Update"/>
  <testcase name="Update_Login_Information" time="16.149" classname="Test_Data_Update.TestData_Update"/>
  <testcase name="Update_Login_Information" time="16.681" classname="Test_Data_Update.TestData_Update"/>
  <testcase name="Update_Login_Information" time="14.439" classname="Test_Data_Update.TestData_Update"/>
  <testcase name="Update_Login_Information" time="19.996" classname="Test_Data_Update.TestData_Update"/>
  <testcase name="Update_Login_Information" time="20.831" classname="Test_Data_Update.TestData_Update"/>
  <testcase name="Update_Login_Information" time="20.961" classname="Test_Data_Update.TestData_Update"/>
  <testcase name="Update_Login_Information" time="27.215" classname="Test_Data_Update.TestData_Update"/>
  <testcase name="Update_Login_Information" time="50.461" classname="Test_Data_Update.TestData_Update"/>
  <testcase name="Update_Login_Information" time="47.139" classname="Test_Data_Update.TestData_Update"/>
  <testcase name="Update_Login_Information" time="53.901" classname="Test_Data_Update.TestData_Update"/>
  <testcase name="Update_Login_Information" time="71.604" classname="Test_Data_Update.TestData_Update"/>
  <testcase name="Update_Login_Information" time="76.227" classname="Test_Data_Update.TestData_Update"/>
  <testcase name="Update_Login_Information" time="80.34" classname="Test_Data_Update.TestData_Update"/>
  <testcase name="Update_Login_Information" time="3.78" classname="Test_Data_Update.TestData_Update">
    <failure type="java.lang.AssertionError" message="Not able to login">
      <![CDATA[java.lang.AssertionError: Not able to login
at org.junit.Assert.fail(Assert.java:88)
at Test_Data_Update.TestData_Update.Update_Login_Information(TestData_Update.java:119)
at sun.reflect.GeneratedMethodAccessor2.invoke(Unknown Source)
at sun.reflect.DelegatingMethodAccessorImpl.invoke(Unknown Source)
at java.lang.reflect.Method.invoke(Unknown Source)
at org.testng.internal.MethodInvocationHelper.invokeMethod(MethodInvocationHelper.java:124)
at org.testng.internal.Invoker.invokeMethod(Invoker.java:580)
at org.testng.internal.Invoker.invokeTestMethod(Invoker.java:716)
at org.testng.internal.TestMethodWithDataProviderMethodWorker.call(TestMethodWithDataProviderMethodWorker.java:71)
at org.testng.internal.TestMethodWithDataProviderMethodWorker.call(TestMethodWithDataProviderMethodWorker.java:14)
at java.util.concurrent.FutureTask.run(Unknown Source)
at java.util.concurrent.Executors$RunnableAdapter.call(Unknown Source)
at java.util.concurrent.FutureTask.run(Unknown Source)
at java.util.concurrent.ThreadPoolExecutor.runWorker(Unknown Source)
at java.util.concurrent.ThreadPoolExecutor$Worker.run(Unknown Source)
at java.lang.Thread.run(Unknown Source)
]]>
    </failure>
  </testcase> <!-- Update_Login_Information -->
  <testcase name="Update_Login_Information" time="0.703" classname="Test_Data_Update.TestData_Update">
    <failure type="java.lang.AssertionError" message="Not able to login">
      <![CDATA[java.lang.AssertionError: Not able to login
at org.junit.Assert.fail(Assert.java:88)
at Test_Data_Update.TestData_Update.Update_Login_Information(TestData_Update.java:119)
at sun.reflect.GeneratedMethodAccessor2.invoke(Unknown Source)
at sun.reflect.DelegatingMethodAccessorImpl.invoke(Unknown Source)
at java.lang.reflect.Method.invoke(Unknown Source)
at org.testng.internal.MethodInvocationHelper.invokeMethod(MethodInvocationHelper.java:124)
at org.testng.internal.Invoker.invokeMethod(Invoker.java:580)
at org.testng.internal.Invoker.invokeTestMethod(Invoker.java:716)
at org.testng.internal.TestMethodWithDataProviderMethodWorker.call(TestMethodWithDataProviderMethodWorker.java:71)
at org.testng.internal.TestMethodWithDataProviderMethodWorker.call(TestMethodWithDataProviderMethodWorker.java:14)
at java.util.concurrent.FutureTask.run(Unknown Source)
at java.util.concurrent.Executors$RunnableAdapter.call(Unknown Source)
at java.util.concurrent.FutureTask.run(Unknown Source)
at java.util.concurrent.ThreadPoolExecutor.runWorker(Unknown Source)
at java.util.concurrent.ThreadPoolExecutor$Worker.run(Unknown Source)
at java.lang.Thread.run(Unknown Source)
]]>
    </failure>
  </testcase> <!-- Update_Login_Information -->
  <testcase name="Update_Login_Information" time="90.898" classname="Test_Data_Update.TestData_Update"/>
  <testcase name="Update_Login_Information" time="90.192" classname="Test_Data_Update.TestData_Update"/>
  <testcase name="Update_Login_Information" time="56.63" classname="Test_Data_Update.TestData_Update"/>
  <testcase name="Update_Login_Information" time="94.631" classname="Test_Data_Update.TestData_Update"/>
  <testcase name="Update_Login_Information" time="94.075" classname="Test_Data_Update.TestData_Update"/>
  <testcase name="Update_Login_Information" time="93.9" classname="Test_Data_Update.TestData_Update"/>
  <testcase name="Update_Login_Information" time="60.575" classname="Test_Data_Update.TestData_Update"/>
  <testcase name="Update_Login_Information" time="1.405" classname="Test_Data_Update.TestData_Update">
    <failure type="java.lang.AssertionError" message="Not able to login">
      <![CDATA[java.lang.AssertionError: Not able to login
at org.junit.Assert.fail(Assert.java:88)
at Test_Data_Update.TestData_Update.Update_Login_Information(TestData_Update.java:119)
at sun.reflect.GeneratedMethodAccessor2.invoke(Unknown Source)
at sun.reflect.DelegatingMethodAccessorImpl.invoke(Unknown Source)
at java.lang.reflect.Method.invoke(Unknown Source)
at org.testng.internal.MethodInvocationHelper.invokeMethod(MethodInvocationHelper.java:124)
at org.testng.internal.Invoker.invokeMethod(Invoker.java:580)
at org.testng.internal.Invoker.invokeTestMethod(Invoker.java:716)
at org.testng.internal.TestMethodWithDataProviderMethodWorker.call(TestMethodWithDataProviderMethodWorker.java:71)
at org.testng.internal.TestMethodWithDataProviderMethodWorker.call(TestMethodWithDataProviderMethodWorker.java:14)
at java.util.concurrent.FutureTask.run(Unknown Source)
at java.util.concurrent.Executors$RunnableAdapter.call(Unknown Source)
at java.util.concurrent.FutureTask.run(Unknown Source)
at java.util.concurrent.ThreadPoolExecutor.runWorker(Unknown Source)
at java.util.concurrent.ThreadPoolExecutor$Worker.run(Unknown Source)
at java.lang.Thread.run(Unknown Source)
]]>
    </failure>
  </testcase> <!-- Update_Login_Information -->
  <testcase name="Update_Login_Information" time="100.52" classname="Test_Data_Update.TestData_Update"/>
  <testcase name="Update_Login_Information" time="140.739" classname="Test_Data_Update.TestData_Update">
    <failure type="java.lang.NullPointerException">
      <![CDATA[java.lang.NullPointerException
at Test_Data_Update.TestData_Update.Update_Login_Information(TestData_Update.java:123)
at sun.reflect.GeneratedMethodAccessor2.invoke(Unknown Source)
at sun.reflect.DelegatingMethodAccessorImpl.invoke(Unknown Source)
at java.lang.reflect.Method.invoke(Unknown Source)
at org.testng.internal.MethodInvocationHelper.invokeMethod(MethodInvocationHelper.java:124)
at org.testng.internal.Invoker.invokeMethod(Invoker.java:580)
at org.testng.internal.Invoker.invokeTestMethod(Invoker.java:716)
at org.testng.internal.TestMethodWithDataProviderMethodWorker.call(TestMethodWithDataProviderMethodWorker.java:71)
at org.testng.internal.TestMethodWithDataProviderMethodWorker.call(TestMethodWithDataProviderMethodWorker.java:14)
at java.util.concurrent.FutureTask.run(Unknown Source)
at java.util.concurrent.Executors$RunnableAdapter.call(Unknown Source)
at java.util.concurrent.FutureTask.run(Unknown Source)
at java.util.concurrent.ThreadPoolExecutor.runWorker(Unknown Source)
at java.util.concurrent.ThreadPoolExecutor$Worker.run(Unknown Source)
at java.lang.Thread.run(Unknown Source)
]]>
    </failure>
  </testcase> <!-- Update_Login_Information -->
  <testcase name="Update_Login_Information" time="64.12" classname="Test_Data_Update.TestData_Update"/>
  <testcase name="Update_Login_Information" time="112.438" classname="Test_Data_Update.TestData_Update"/>
  <testcase name="Update_Login_Information" time="104.611" classname="Test_Data_Update.TestData_Update"/>
  <testcase name="Update_Login_Information" time="47.908" classname="Test_Data_Update.TestData_Update"/>
  <testcase name="Update_Login_Information" time="153.207" classname="Test_Data_Update.TestData_Update">
    <failure type="java.lang.NullPointerException">
      <![CDATA[java.lang.NullPointerException
at Test_Data_Update.TestData_Update.Update_Login_Information(TestData_Update.java:123)
at sun.reflect.GeneratedMethodAccessor2.invoke(Unknown Source)
at sun.reflect.DelegatingMethodAccessorImpl.invoke(Unknown Source)
at java.lang.reflect.Method.invoke(Unknown Source)
at org.testng.internal.MethodInvocationHelper.invokeMethod(MethodInvocationHelper.java:124)
at org.testng.internal.Invoker.invokeMethod(Invoker.java:580)
at org.testng.internal.Invoker.invokeTestMethod(Invoker.java:716)
at org.testng.internal.TestMethodWithDataProviderMethodWorker.call(TestMethodWithDataProviderMethodWorker.java:71)
at org.testng.internal.TestMethodWithDataProviderMethodWorker.call(TestMethodWithDataProviderMethodWorker.java:14)
at java.util.concurrent.FutureTask.run(Unknown Source)
at java.util.concurrent.Executors$RunnableAdapter.call(Unknown Source)
at java.util.concurrent.FutureTask.run(Unknown Source)
at java.util.concurrent.ThreadPoolExecutor.runWorker(Unknown Source)
at java.util.concurrent.ThreadPoolExecutor$Worker.run(Unknown Source)
at java.lang.Thread.run(Unknown Source)
]]>
    </failure>
  </testcase> <!-- Update_Login_Information -->
  <testcase name="Update_Login_Information" time="129.634" classname="Test_Data_Update.TestData_Update"/>
  <testcase name="Update_Login_Information" time="32.066" classname="Test_Data_Update.TestData_Update"/>
  <testcase name="Update_Login_Information" time="135.528" classname="Test_Data_Update.TestData_Update"/>
  <testcase name="Update_Login_Information" time="113.532" classname="Test_Data_Update.TestData_Update"/>
  <testcase name="Update_Login_Information" time="1.055" classname="Test_Data_Update.TestData_Update">
    <failure type="java.lang.AssertionError" message="Not able to login">
      <![CDATA[java.lang.AssertionError: Not able to login
at org.junit.Assert.fail(Assert.java:88)
at Test_Data_Update.TestData_Update.Update_Login_Information(TestData_Update.java:119)
at sun.reflect.GeneratedMethodAccessor2.invoke(Unknown Source)
at sun.reflect.DelegatingMethodAccessorImpl.invoke(Unknown Source)
at java.lang.reflect.Method.invoke(Unknown Source)
at org.testng.internal.MethodInvocationHelper.invokeMethod(MethodInvocationHelper.java:124)
at org.testng.internal.Invoker.invokeMethod(Invoker.java:580)
at org.testng.internal.Invoker.invokeTestMethod(Invoker.java:716)
at org.testng.internal.TestMethodWithDataProviderMethodWorker.call(TestMethodWithDataProviderMethodWorker.java:71)
at org.testng.internal.TestMethodWithDataProviderMethodWorker.call(TestMethodWithDataProviderMethodWorker.java:14)
at java.util.concurrent.FutureTask.run(Unknown Source)
at java.util.concurrent.Executors$RunnableAdapter.call(Unknown Source)
at java.util.concurrent.FutureTask.run(Unknown Source)
at java.util.concurrent.ThreadPoolExecutor.runWorker(Unknown Source)
at java.util.concurrent.ThreadPoolExecutor$Worker.run(Unknown Source)
at java.lang.Thread.run(Unknown Source)
]]>
    </failure>
  </testcase> <!-- Update_Login_Information -->
  <testcase name="Update_Login_Information" time="38.287" classname="Test_Data_Update.TestData_Update"/>
  <testcase name="Update_Login_Information" time="49.673" classname="Test_Data_Update.TestData_Update"/>
  <testcase name="Update_Login_Information" time="72.483" classname="Test_Data_Update.TestData_Update"/>
  <testcase name="Update_Login_Information" time="1.12" classname="Test_Data_Update.TestData_Update">
    <failure type="java.lang.AssertionError" message="Not able to login">
      <![CDATA[java.lang.AssertionError: Not able to login
at org.junit.Assert.fail(Assert.java:88)
at Test_Data_Update.TestData_Update.Update_Login_Information(TestData_Update.java:119)
at sun.reflect.GeneratedMethodAccessor2.invoke(Unknown Source)
at sun.reflect.DelegatingMethodAccessorImpl.invoke(Unknown Source)
at java.lang.reflect.Method.invoke(Unknown Source)
at org.testng.internal.MethodInvocationHelper.invokeMethod(MethodInvocationHelper.java:124)
at org.testng.internal.Invoker.invokeMethod(Invoker.java:580)
at org.testng.internal.Invoker.invokeTestMethod(Invoker.java:716)
at org.testng.internal.TestMethodWithDataProviderMethodWorker.call(TestMethodWithDataProviderMethodWorker.java:71)
at org.testng.internal.TestMethodWithDataProviderMethodWorker.call(TestMethodWithDataProviderMethodWorker.java:14)
at java.util.concurrent.FutureTask.run(Unknown Source)
at java.util.concurrent.Executors$RunnableAdapter.call(Unknown Source)
at java.util.concurrent.FutureTask.run(Unknown Source)
at java.util.concurrent.ThreadPoolExecutor.runWorker(Unknown Source)
at java.util.concurrent.ThreadPoolExecutor$Worker.run(Unknown Source)
at java.lang.Thread.run(Unknown Source)
]]>
    </failure>
  </testcase> <!-- Update_Login_Information -->
  <testcase name="Update_Login_Information" time="42.404" classname="Test_Data_Update.TestData_Update"/>
  <testcase name="Update_Login_Information" time="16.194" classname="Test_Data_Update.TestData_Update"/>
  <testcase name="Update_Login_Information" time="20.685" classname="Test_Data_Update.TestData_Update"/>
  <testcase name="Update_Login_Information" time="16.596" classname="Test_Data_Update.TestData_Update"/>
  <testcase name="Update_Login_Information" time="48.527" classname="Test_Data_Update.TestData_Update"/>
  <testcase name="Update_Login_Information" time="9.102" classname="Test_Data_Update.TestData_Update"/>
  <testcase name="Update_Login_Information" time="21.687" classname="Test_Data_Update.TestData_Update"/>
  <testcase name="Update_Login_Information" time="29.633" classname="Test_Data_Update.TestData_Update"/>
  <testcase name="Update_Login_Information" time="15.391" classname="Test_Data_Update.TestData_Update"/>
  <testcase name="Update_Login_Information" time="15.597" classname="Test_Data_Update.TestData_Update"/>
  <testcase name="Update_Login_Information" time="13.69" classname="Test_Data_Update.TestData_Update"/>
  <testcase name="Update_Login_Information" time="9.884" classname="Test_Data_Update.TestData_Update"/>
  <testcase name="Update_Login_Information" time="1.189" classname="Test_Data_Update.TestData_Update">
    <failure type="java.lang.AssertionError" message="Not able to login">
      <![CDATA[java.lang.AssertionError: Not able to login
at org.junit.Assert.fail(Assert.java:88)
at Test_Data_Update.TestData_Update.Update_Login_Information(TestData_Update.java:119)
at sun.reflect.GeneratedMethodAccessor2.invoke(Unknown Source)
at sun.reflect.DelegatingMethodAccessorImpl.invoke(Unknown Source)
at java.lang.reflect.Method.invoke(Unknown Source)
at org.testng.internal.MethodInvocationHelper.invokeMethod(MethodInvocationHelper.java:124)
at org.testng.internal.Invoker.invokeMethod(Invoker.java:580)
at org.testng.internal.Invoker.invokeTestMethod(Invoker.java:716)
at org.testng.internal.TestMethodWithDataProviderMethodWorker.call(TestMethodWithDataProviderMethodWorker.java:71)
at org.testng.internal.TestMethodWithDataProviderMethodWorker.call(TestMethodWithDataProviderMethodWorker.java:14)
at java.util.concurrent.FutureTask.run(Unknown Source)
at java.util.concurrent.Executors$RunnableAdapter.call(Unknown Source)
at java.util.concurrent.FutureTask.run(Unknown Source)
at java.util.concurrent.ThreadPoolExecutor.runWorker(Unknown Source)
at java.util.concurrent.ThreadPoolExecutor$Worker.run(Unknown Source)
at java.lang.Thread.run(Unknown Source)
]]>
    </failure>
  </testcase> <!-- Update_Login_Information -->
  <testcase name="Update_Login_Information" time="12.909" classname="Test_Data_Update.TestData_Update"/>
  <testcase name="Update_Login_Information" time="9.268" classname="Test_Data_Update.TestData_Update"/>
  <testcase name="Update_Login_Information" time="9.571" classname="Test_Data_Update.TestData_Update"/>
  <testcase name="Update_Login_Information" time="10.123" classname="Test_Data_Update.TestData_Update"/>
  <testcase name="Update_Login_Information" time="18.025" classname="Test_Data_Update.TestData_Update"/>
  <testcase name="Update_Login_Information" time="9.745" classname="Test_Data_Update.TestData_Update"/>
  <testcase name="Update_Login_Information" time="12.165" classname="Test_Data_Update.TestData_Update"/>
  <testcase name="Update_Login_Information" time="13.05" classname="Test_Data_Update.TestData_Update"/>
  <testcase name="Update_Login_Information" time="17.387" classname="Test_Data_Update.TestData_Update"/>
  <testcase name="Update_Login_Information" time="15.772" classname="Test_Data_Update.TestData_Update"/>
  <testcase name="Update_Login_Information" time="13.363" classname="Test_Data_Update.TestData_Update"/>
  <testcase name="Update_Login_Information" time="10.841" classname="Test_Data_Update.TestData_Update"/>
  <testcase name="Update_Login_Information" time="13.316" classname="Test_Data_Update.TestData_Update"/>
  <testcase name="Update_Login_Information" time="13.193" classname="Test_Data_Update.TestData_Update"/>
  <testcase name="Update_Login_Information" time="10.167" classname="Test_Data_Update.TestData_Update"/>
  <testcase name="Update_Login_Information" time="15.994" classname="Test_Data_Update.TestData_Update"/>
  <testcase name="Update_Login_Information" time="13.497" classname="Test_Data_Update.TestData_Update"/>
  <testcase name="Update_Login_Information" time="13.08" classname="Test_Data_Update.TestData_Update"/>
  <testcase name="Update_Login_Information" time="10.561" classname="Test_Data_Update.TestData_Update"/>
  <testcase name="Update_Login_Information" time="12.89" classname="Test_Data_Update.TestData_Update"/>
  <testcase name="Update_Login_Information" time="13.034" classname="Test_Data_Update.TestData_Update"/>
  <testcase name="Update_Login_Information" time="13.722" classname="Test_Data_Update.TestData_Update"/>
  <testcase name="Update_Login_Information" time="16.403" classname="Test_Data_Update.TestData_Update"/>
  <testcase name="Update_Login_Information" time="24.148" classname="Test_Data_Update.TestData_Update"/>
  <testcase name="Update_Login_Information" time="40.469" classname="Test_Data_Update.TestData_Update"/>
  <testcase name="Update_Login_Information" time="19.679" classname="Test_Data_Update.TestData_Update"/>
  <testcase name="Update_Login_Information" time="15.967" classname="Test_Data_Update.TestData_Update"/>
  <testcase name="Update_Login_Information" time="21.76" classname="Test_Data_Update.TestData_Update"/>
  <testcase name="Update_Login_Information" time="18.98" classname="Test_Data_Update.TestData_Update"/>
  <testcase name="Update_Login_Information" time="16.483" classname="Test_Data_Update.TestData_Update"/>
  <testcase name="Update_Login_Information" time="15.926" classname="Test_Data_Update.TestData_Update"/>
  <testcase name="Update_Login_Information" time="16.455" classname="Test_Data_Update.TestData_Update"/>
  <testcase name="Update_Login_Information" time="11.065" classname="Test_Data_Update.TestData_Update"/>
  <testcase name="Update_Login_Information" time="10.981" classname="Test_Data_Update.TestData_Update"/>
  <testcase name="Update_Login_Information" time="9.129" classname="Test_Data_Update.TestData_Update"/>
  <testcase name="Update_Login_Information" time="11.517" classname="Test_Data_Update.TestData_Update"/>
  <testcase name="Update_Login_Information" time="12.903" classname="Test_Data_Update.TestData_Update"/>
  <testcase name="Update_Login_Information" time="10.976" classname="Test_Data_Update.TestData_Update"/>
  <testcase name="Update_Login_Information" time="1.092" classname="Test_Data_Update.TestData_Update">
    <failure type="java.lang.AssertionError" message="Not able to login">
      <![CDATA[java.lang.AssertionError: Not able to login
at org.junit.Assert.fail(Assert.java:88)
at Test_Data_Update.TestData_Update.Update_Login_Information(TestData_Update.java:119)
at sun.reflect.GeneratedMethodAccessor2.invoke(Unknown Source)
at sun.reflect.DelegatingMethodAccessorImpl.invoke(Unknown Source)
at java.lang.reflect.Method.invoke(Unknown Source)
at org.testng.internal.MethodInvocationHelper.invokeMethod(MethodInvocationHelper.java:124)
at org.testng.internal.Invoker.invokeMethod(Invoker.java:580)
at org.testng.internal.Invoker.invokeTestMethod(Invoker.java:716)
at org.testng.internal.TestMethodWithDataProviderMethodWorker.call(TestMethodWithDataProviderMethodWorker.java:71)
at org.testng.internal.TestMethodWithDataProviderMethodWorker.call(TestMethodWithDataProviderMethodWorker.java:14)
at java.util.concurrent.FutureTask.run(Unknown Source)
at java.util.concurrent.Executors$RunnableAdapter.call(Unknown Source)
at java.util.concurrent.FutureTask.run(Unknown Source)
at java.util.concurrent.ThreadPoolExecutor.runWorker(Unknown Source)
at java.util.concurrent.ThreadPoolExecutor$Worker.run(Unknown Source)
at java.lang.Thread.run(Unknown Source)
]]>
    </failure>
  </testcase> <!-- Update_Login_Information -->
  <testcase name="Update_Login_Information" time="11.719" classname="Test_Data_Update.TestData_Update"/>
  <testcase name="Update_Login_Information" time="15.411" classname="Test_Data_Update.TestData_Update"/>
  <testcase name="Update_Login_Information" time="10.361" classname="Test_Data_Update.TestData_Update"/>
  <testcase name="Update_Login_Information" time="15.317" classname="Test_Data_Update.TestData_Update"/>
  <testcase name="Update_Login_Information" time="14.774" classname="Test_Data_Update.TestData_Update"/>
  <testcase name="Update_Login_Information" time="14.115" classname="Test_Data_Update.TestData_Update"/>
  <testcase name="Update_Login_Information" time="11.565" classname="Test_Data_Update.TestData_Update"/>
  <testcase name="Update_Login_Information" time="13.394" classname="Test_Data_Update.TestData_Update"/>
  <testcase name="Update_Login_Information" time="7.496" classname="Test_Data_Update.TestData_Update"/>
  <testcase name="Update_Login_Information" time="15.427" classname="Test_Data_Update.TestData_Update"/>
  <testcase name="Update_Login_Information" time="1.099" classname="Test_Data_Update.TestData_Update">
    <failure type="java.lang.AssertionError" message="Not able to login">
      <![CDATA[java.lang.AssertionError: Not able to login
at org.junit.Assert.fail(Assert.java:88)
at Test_Data_Update.TestData_Update.Update_Login_Information(TestData_Update.java:119)
at sun.reflect.GeneratedMethodAccessor2.invoke(Unknown Source)
at sun.reflect.DelegatingMethodAccessorImpl.invoke(Unknown Source)
at java.lang.reflect.Method.invoke(Unknown Source)
at org.testng.internal.MethodInvocationHelper.invokeMethod(MethodInvocationHelper.java:124)
at org.testng.internal.Invoker.invokeMethod(Invoker.java:580)
at org.testng.internal.Invoker.invokeTestMethod(Invoker.java:716)
at org.testng.internal.TestMethodWithDataProviderMethodWorker.call(TestMethodWithDataProviderMethodWorker.java:71)
at org.testng.internal.TestMethodWithDataProviderMethodWorker.call(TestMethodWithDataProviderMethodWorker.java:14)
at java.util.concurrent.FutureTask.run(Unknown Source)
at java.util.concurrent.Executors$RunnableAdapter.call(Unknown Source)
at java.util.concurrent.FutureTask.run(Unknown Source)
at java.util.concurrent.ThreadPoolExecutor.runWorker(Unknown Source)
at java.util.concurrent.ThreadPoolExecutor$Worker.run(Unknown Source)
at java.lang.Thread.run(Unknown Source)
]]>
    </failure>
  </testcase> <!-- Update_Login_Information -->
  <testcase name="Update_Login_Information" time="5.381" classname="Test_Data_Update.TestData_Update"/>
  <testcase name="Update_Login_Information" time="17.642" classname="Test_Data_Update.TestData_Update"/>
  <testcase name="Update_Login_Information" time="21.862" classname="Test_Data_Update.TestData_Update"/>
  <testcase name="Update_Login_Information" time="16.696" classname="Test_Data_Update.TestData_Update"/>
  <testcase name="Update_Login_Information" time="1.809" classname="Test_Data_Update.TestData_Update">
    <failure type="java.lang.AssertionError" message="Not able to login">
      <![CDATA[java.lang.AssertionError: Not able to login
at org.junit.Assert.fail(Assert.java:88)
at Test_Data_Update.TestData_Update.Update_Login_Information(TestData_Update.java:119)
at sun.reflect.GeneratedMethodAccessor2.invoke(Unknown Source)
at sun.reflect.DelegatingMethodAccessorImpl.invoke(Unknown Source)
at java.lang.reflect.Method.invoke(Unknown Source)
at org.testng.internal.MethodInvocationHelper.invokeMethod(MethodInvocationHelper.java:124)
at org.testng.internal.Invoker.invokeMethod(Invoker.java:580)
at org.testng.internal.Invoker.invokeTestMethod(Invoker.java:716)
at org.testng.internal.TestMethodWithDataProviderMethodWorker.call(TestMethodWithDataProviderMethodWorker.java:71)
at org.testng.internal.TestMethodWithDataProviderMethodWorker.call(TestMethodWithDataProviderMethodWorker.java:14)
at java.util.concurrent.FutureTask.run(Unknown Source)
at java.util.concurrent.Executors$RunnableAdapter.call(Unknown Source)
at java.util.concurrent.FutureTask.run(Unknown Source)
at java.util.concurrent.ThreadPoolExecutor.runWorker(Unknown Source)
at java.util.concurrent.ThreadPoolExecutor$Worker.run(Unknown Source)
at java.lang.Thread.run(Unknown Source)
]]>
    </failure>
  </testcase> <!-- Update_Login_Information -->
  <testcase name="Update_Login_Information" time="1.234" classname="Test_Data_Update.TestData_Update">
    <failure type="java.lang.AssertionError" message="Not able to login">
      <![CDATA[java.lang.AssertionError: Not able to login
at org.junit.Assert.fail(Assert.java:88)
at Test_Data_Update.TestData_Update.Update_Login_Information(TestData_Update.java:119)
at sun.reflect.GeneratedMethodAccessor2.invoke(Unknown Source)
at sun.reflect.DelegatingMethodAccessorImpl.invoke(Unknown Source)
at java.lang.reflect.Method.invoke(Unknown Source)
at org.testng.internal.MethodInvocationHelper.invokeMethod(MethodInvocationHelper.java:124)
at org.testng.internal.Invoker.invokeMethod(Invoker.java:580)
at org.testng.internal.Invoker.invokeTestMethod(Invoker.java:716)
at org.testng.internal.TestMethodWithDataProviderMethodWorker.call(TestMethodWithDataProviderMethodWorker.java:71)
at org.testng.internal.TestMethodWithDataProviderMethodWorker.call(TestMethodWithDataProviderMethodWorker.java:14)
at java.util.concurrent.FutureTask.run(Unknown Source)
at java.util.concurrent.Executors$RunnableAdapter.call(Unknown Source)
at java.util.concurrent.FutureTask.run(Unknown Source)
at java.util.concurrent.ThreadPoolExecutor.runWorker(Unknown Source)
at java.util.concurrent.ThreadPoolExecutor$Worker.run(Unknown Source)
at java.lang.Thread.run(Unknown Source)
]]>
    </failure>
  </testcase> <!-- Update_Login_Information -->
  <testcase name="Update_Login_Information" time="17.822" classname="Test_Data_Update.TestData_Update"/>
  <testcase name="Update_Login_Information" time="31.417" classname="Test_Data_Update.TestData_Update"/>
  <testcase name="Update_Login_Information" time="25.476" classname="Test_Data_Update.TestData_Update"/>
  <testcase name="Update_Login_Information" time="1.23" classname="Test_Data_Update.TestData_Update">
    <failure type="java.lang.AssertionError" message="Not able to login">
      <![CDATA[java.lang.AssertionError: Not able to login
at org.junit.Assert.fail(Assert.java:88)
at Test_Data_Update.TestData_Update.Update_Login_Information(TestData_Update.java:119)
at sun.reflect.GeneratedMethodAccessor2.invoke(Unknown Source)
at sun.reflect.DelegatingMethodAccessorImpl.invoke(Unknown Source)
at java.lang.reflect.Method.invoke(Unknown Source)
at org.testng.internal.MethodInvocationHelper.invokeMethod(MethodInvocationHelper.java:124)
at org.testng.internal.Invoker.invokeMethod(Invoker.java:580)
at org.testng.internal.Invoker.invokeTestMethod(Invoker.java:716)
at org.testng.internal.TestMethodWithDataProviderMethodWorker.call(TestMethodWithDataProviderMethodWorker.java:71)
at org.testng.internal.TestMethodWithDataProviderMethodWorker.call(TestMethodWithDataProviderMethodWorker.java:14)
at java.util.concurrent.FutureTask.run(Unknown Source)
at java.util.concurrent.Executors$RunnableAdapter.call(Unknown Source)
at java.util.concurrent.FutureTask.run(Unknown Source)
at java.util.concurrent.ThreadPoolExecutor.runWorker(Unknown Source)
at java.util.concurrent.ThreadPoolExecutor$Worker.run(Unknown Source)
at java.lang.Thread.run(Unknown Source)
]]>
    </failure>
  </testcase> <!-- Update_Login_Information -->
  <testcase name="Update_Login_Information" time="13.667" classname="Test_Data_Update.TestData_Update"/>
  <testcase name="Update_Login_Information" time="1.437" classname="Test_Data_Update.TestData_Update">
    <failure type="java.lang.AssertionError" message="Not able to login">
      <![CDATA[java.lang.AssertionError: Not able to login
at org.junit.Assert.fail(Assert.java:88)
at Test_Data_Update.TestData_Update.Update_Login_Information(TestData_Update.java:119)
at sun.reflect.GeneratedMethodAccessor2.invoke(Unknown Source)
at sun.reflect.DelegatingMethodAccessorImpl.invoke(Unknown Source)
at java.lang.reflect.Method.invoke(Unknown Source)
at org.testng.internal.MethodInvocationHelper.invokeMethod(MethodInvocationHelper.java:124)
at org.testng.internal.Invoker.invokeMethod(Invoker.java:580)
at org.testng.internal.Invoker.invokeTestMethod(Invoker.java:716)
at org.testng.internal.TestMethodWithDataProviderMethodWorker.call(TestMethodWithDataProviderMethodWorker.java:71)
at org.testng.internal.TestMethodWithDataProviderMethodWorker.call(TestMethodWithDataProviderMethodWorker.java:14)
at java.util.concurrent.FutureTask.run(Unknown Source)
at java.util.concurrent.Executors$RunnableAdapter.call(Unknown Source)
at java.util.concurrent.FutureTask.run(Unknown Source)
at java.util.concurrent.ThreadPoolExecutor.runWorker(Unknown Source)
at java.util.concurrent.ThreadPoolExecutor$Worker.run(Unknown Source)
at java.lang.Thread.run(Unknown Source)
]]>
    </failure>
  </testcase> <!-- Update_Login_Information -->
  <testcase name="Update_Login_Information" time="17.84" classname="Test_Data_Update.TestData_Update"/>
  <testcase name="Update_Login_Information" time="16.865" classname="Test_Data_Update.TestData_Update"/>
  <testcase name="Update_Login_Information" time="16.574" classname="Test_Data_Update.TestData_Update"/>
  <testcase name="Update_Login_Information" time="4.861" classname="Test_Data_Update.TestData_Update"/>
  <testcase name="Update_Login_Information" time="7.995" classname="Test_Data_Update.TestData_Update"/>
  <testcase name="Update_Login_Information" time="7.882" classname="Test_Data_Update.TestData_Update"/>
  <testcase name="Update_Login_Information" time="7.79" classname="Test_Data_Update.TestData_Update"/>
  <testcase name="Update_Login_Information" time="10.295" classname="Test_Data_Update.TestData_Update"/>
  <testcase name="Update_Login_Information" time="10.691" classname="Test_Data_Update.TestData_Update"/>
  <testcase name="Update_Login_Information" time="10.953" classname="Test_Data_Update.TestData_Update"/>
  <testcase name="Update_Login_Information" time="16.2" classname="Test_Data_Update.TestData_Update"/>
  <testcase name="Update_Login_Information" time="12.297" classname="Test_Data_Update.TestData_Update"/>
  <testcase name="Update_Login_Information" time="14.6" classname="Test_Data_Update.TestData_Update"/>
  <testcase name="Update_Login_Information" time="10.304" classname="Test_Data_Update.TestData_Update"/>
  <testcase name="Update_Login_Information" time="16.229" classname="Test_Data_Update.TestData_Update"/>
  <testcase name="Update_Login_Information" time="16.345" classname="Test_Data_Update.TestData_Update"/>
  <testcase name="Update_Login_Information" time="16.519" classname="Test_Data_Update.TestData_Update"/>
  <testcase name="Update_Login_Information" time="9.094" classname="Test_Data_Update.TestData_Update"/>
  <testcase name="Update_Login_Information" time="21.607" classname="Test_Data_Update.TestData_Update"/>
  <testcase name="Update_Login_Information" time="18.047" classname="Test_Data_Update.TestData_Update"/>
  <testcase name="Update_Login_Information" time="7.53" classname="Test_Data_Update.TestData_Update"/>
  <testcase name="Update_Login_Information" time="7.512" classname="Test_Data_Update.TestData_Update"/>
  <testcase name="Update_Login_Information" time="20.206" classname="Test_Data_Update.TestData_Update"/>
  <testcase name="Update_Login_Information" time="0.987" classname="Test_Data_Update.TestData_Update">
    <failure type="java.lang.AssertionError" message="Not able to login">
      <![CDATA[java.lang.AssertionError: Not able to login
at org.junit.Assert.fail(Assert.java:88)
at Test_Data_Update.TestData_Update.Update_Login_Information(TestData_Update.java:119)
at sun.reflect.GeneratedMethodAccessor2.invoke(Unknown Source)
at sun.reflect.DelegatingMethodAccessorImpl.invoke(Unknown Source)
at java.lang.reflect.Method.invoke(Unknown Source)
at org.testng.internal.MethodInvocationHelper.invokeMethod(MethodInvocationHelper.java:124)
at org.testng.internal.Invoker.invokeMethod(Invoker.java:580)
at org.testng.internal.Invoker.invokeTestMethod(Invoker.java:716)
at org.testng.internal.TestMethodWithDataProviderMethodWorker.call(TestMethodWithDataProviderMethodWorker.java:71)
at org.testng.internal.TestMethodWithDataProviderMethodWorker.call(TestMethodWithDataProviderMethodWorker.java:14)
at java.util.concurrent.FutureTask.run(Unknown Source)
at java.util.concurrent.Executors$RunnableAdapter.call(Unknown Source)
at java.util.concurrent.FutureTask.run(Unknown Source)
at java.util.concurrent.ThreadPoolExecutor.runWorker(Unknown Source)
at java.util.concurrent.ThreadPoolExecutor$Worker.run(Unknown Source)
at java.lang.Thread.run(Unknown Source)
]]>
    </failure>
  </testcase> <!-- Update_Login_Information -->
  <testcase name="Update_Login_Information" time="1.161" classname="Test_Data_Update.TestData_Update">
    <failure type="java.lang.AssertionError" message="Not able to login">
      <![CDATA[java.lang.AssertionError: Not able to login
at org.junit.Assert.fail(Assert.java:88)
at Test_Data_Update.TestData_Update.Update_Login_Information(TestData_Update.java:119)
at sun.reflect.GeneratedMethodAccessor2.invoke(Unknown Source)
at sun.reflect.DelegatingMethodAccessorImpl.invoke(Unknown Source)
at java.lang.reflect.Method.invoke(Unknown Source)
at org.testng.internal.MethodInvocationHelper.invokeMethod(MethodInvocationHelper.java:124)
at org.testng.internal.Invoker.invokeMethod(Invoker.java:580)
at org.testng.internal.Invoker.invokeTestMethod(Invoker.java:716)
at org.testng.internal.TestMethodWithDataProviderMethodWorker.call(TestMethodWithDataProviderMethodWorker.java:71)
at org.testng.internal.TestMethodWithDataProviderMethodWorker.call(TestMethodWithDataProviderMethodWorker.java:14)
at java.util.concurrent.FutureTask.run(Unknown Source)
at java.util.concurrent.Executors$RunnableAdapter.call(Unknown Source)
at java.util.concurrent.FutureTask.run(Unknown Source)
at java.util.concurrent.ThreadPoolExecutor.runWorker(Unknown Source)
at java.util.concurrent.ThreadPoolExecutor$Worker.run(Unknown Source)
at java.lang.Thread.run(Unknown Source)
]]>
    </failure>
  </testcase> <!-- Update_Login_Information -->
  <testcase name="Update_Login_Information" time="13.634" classname="Test_Data_Update.TestData_Update"/>
  <testcase name="Update_Login_Information" time="11.712" classname="Test_Data_Update.TestData_Update"/>
  <testcase name="Update_Login_Information" time="7.719" classname="Test_Data_Update.TestData_Update"/>
  <testcase name="Update_Login_Information" time="15.978" classname="Test_Data_Update.TestData_Update"/>
  <testcase name="Update_Login_Information" time="8.884" classname="Test_Data_Update.TestData_Update"/>
  <testcase name="Update_Login_Information" time="16.428" classname="Test_Data_Update.TestData_Update"/>
  <testcase name="Update_Login_Information" time="11.945" classname="Test_Data_Update.TestData_Update"/>
  <testcase name="Update_Login_Information" time="9.526" classname="Test_Data_Update.TestData_Update"/>
  <testcase name="Update_Login_Information" time="10.124" classname="Test_Data_Update.TestData_Update"/>
  <testcase name="Update_Login_Information" time="5.05" classname="Test_Data_Update.TestData_Update"/>
  <testcase name="Update_Login_Information" time="14.634" classname="Test_Data_Update.TestData_Update"/>
  <testcase name="Update_Login_Information" time="14.143" classname="Test_Data_Update.TestData_Update"/>
  <testcase name="Update_Login_Information" time="14.208" classname="Test_Data_Update.TestData_Update"/>
  <testcase name="Update_Login_Information" time="14.189" classname="Test_Data_Update.TestData_Update"/>
  <testcase name="Update_Login_Information" time="20.641" classname="Test_Data_Update.TestData_Update"/>
  <testcase name="Update_Login_Information" time="20.592" classname="Test_Data_Update.TestData_Update"/>
  <testcase name="Update_Login_Information" time="27.692" classname="Test_Data_Update.TestData_Update"/>
  <testcase name="Update_Login_Information" time="15.294" classname="Test_Data_Update.TestData_Update"/>
  <testcase name="Update_Login_Information" time="28.043" classname="Test_Data_Update.TestData_Update"/>
  <testcase name="Update_Login_Information" time="9.662" classname="Test_Data_Update.TestData_Update"/>
  <testcase name="Update_Login_Information" time="13.751" classname="Test_Data_Update.TestData_Update"/>
  <testcase name="Update_Login_Information" time="27.008" classname="Test_Data_Update.TestData_Update"/>
  <testcase name="Update_Login_Information" time="12.941" classname="Test_Data_Update.TestData_Update"/>
  <testcase name="Update_Login_Information" time="6.663" classname="Test_Data_Update.TestData_Update"/>
  <testcase name="Update_Login_Information" time="16.19" classname="Test_Data_Update.TestData_Update"/>
  <testcase name="Update_Login_Information" time="8.577" classname="Test_Data_Update.TestData_Update"/>
  <testcase name="Update_Login_Information" time="9.836" classname="Test_Data_Update.TestData_Update"/>
  <testcase name="Update_Login_Information" time="16.815" classname="Test_Data_Update.TestData_Update"/>
  <testcase name="Update_Login_Information" time="17.19" classname="Test_Data_Update.TestData_Update"/>
  <testcase name="Update_Login_Information" time="16.814" classname="Test_Data_Update.TestData_Update"/>
  <testcase name="Update_Login_Information" time="17.752" classname="Test_Data_Update.TestData_Update"/>
  <testcase name="Update_Login_Information" time="18.102" classname="Test_Data_Update.TestData_Update"/>
  <testcase name="Update_Login_Information" time="14.243" classname="Test_Data_Update.TestData_Update"/>
  <testcase name="Update_Login_Information" time="20.735" classname="Test_Data_Update.TestData_Update"/>
  <testcase name="Update_Login_Information" time="16.577" classname="Test_Data_Update.TestData_Update"/>
  <testcase name="Update_Login_Information" time="15.976" classname="Test_Data_Update.TestData_Update"/>
  <testcase name="Update_Login_Information" time="20.214" classname="Test_Data_Update.TestData_Update"/>
  <testcase name="Update_Login_Information" time="12.308" classname="Test_Data_Update.TestData_Update"/>
  <testcase name="Update_Login_Information" time="12.493" classname="Test_Data_Update.TestData_Update"/>
  <testcase name="Update_Login_Information" time="11.622" classname="Test_Data_Update.TestData_Update"/>
  <testcase name="Update_Login_Information" time="14.621" classname="Test_Data_Update.TestData_Update"/>
  <testcase name="Update_Login_Information" time="11.222" classname="Test_Data_Update.TestData_Update"/>
  <testcase name="Update_Login_Information" time="8.386" classname="Test_Data_Update.TestData_Update"/>
  <testcase name="Update_Login_Information" time="10.503" classname="Test_Data_Update.TestData_Update"/>
  <testcase name="Update_Login_Information" time="10.927" classname="Test_Data_Update.TestData_Update"/>
  <testcase name="Update_Login_Information" time="8.543" classname="Test_Data_Update.TestData_Update"/>
  <testcase name="Update_Login_Information" time="12.276" classname="Test_Data_Update.TestData_Update"/>
  <testcase name="Update_Login_Information" time="8.473" classname="Test_Data_Update.TestData_Update"/>
  <testcase name="Update_Login_Information" time="10.613" classname="Test_Data_Update.TestData_Update"/>
  <testcase name="Update_Login_Information" time="13.034" classname="Test_Data_Update.TestData_Update"/>
  <testcase name="Update_Login_Information" time="7.977" classname="Test_Data_Update.TestData_Update"/>
  <testcase name="Update_Login_Information" time="10.174" classname="Test_Data_Update.TestData_Update"/>
  <testcase name="Update_Login_Information" time="10.322" classname="Test_Data_Update.TestData_Update"/>
  <testcase name="Update_Login_Information" time="10.403" classname="Test_Data_Update.TestData_Update"/>
  <testcase name="Update_Login_Information" time="12.162" classname="Test_Data_Update.TestData_Update"/>
  <testcase name="Update_Login_Information" time="6.317" classname="Test_Data_Update.TestData_Update"/>
  <testcase name="Update_Login_Information" time="8.81" classname="Test_Data_Update.TestData_Update"/>
  <testcase name="Update_Login_Information" time="5.796" classname="Test_Data_Update.TestData_Update"/>
  <testcase name="Update_Login_Information" time="6.174" classname="Test_Data_Update.TestData_Update"/>
  <testcase name="Update_Login_Information" time="8.04" classname="Test_Data_Update.TestData_Update"/>
  <testcase name="Update_Login_Information" time="6.287" classname="Test_Data_Update.TestData_Update"/>
  <testcase name="Update_Login_Information" time="7.98" classname="Test_Data_Update.TestData_Update"/>
  <testcase name="Update_Login_Information" time="7.636" classname="Test_Data_Update.TestData_Update"/>
  <testcase name="Update_Login_Information" time="6.137" classname="Test_Data_Update.TestData_Update"/>
  <testcase name="Update_Login_Information" time="7.988" classname="Test_Data_Update.TestData_Update"/>
  <testcase name="Update_Login_Information" time="7.705" classname="Test_Data_Update.TestData_Update"/>
  <testcase name="Update_Login_Information" time="5.761" classname="Test_Data_Update.TestData_Update"/>
  <testcase name="Update_Login_Information" time="7.802" classname="Test_Data_Update.TestData_Update"/>
  <testcase name="Update_Login_Information" time="5.739" classname="Test_Data_Update.TestData_Update"/>
  <testcase name="Update_Login_Information" time="4.203" classname="Test_Data_Update.TestData_Update"/>
  <testcase name="Update_Login_Information" time="6.377" classname="Test_Data_Update.TestData_Update"/>
  <testcase name="Update_Login_Information" time="6.393" classname="Test_Data_Update.TestData_Update"/>
  <testcase name="Update_Login_Information" time="6.724" classname="Test_Data_Update.TestData_Update"/>
  <testcase name="Update_Login_Information" time="6.589" classname="Test_Data_Update.TestData_Update"/>
  <testcase name="Update_Login_Information" time="8.342" classname="Test_Data_Update.TestData_Update"/>
  <testcase name="Update_Login_Information" time="4.634" classname="Test_Data_Update.TestData_Update"/>
  <testcase name="Update_Login_Information" time="6.826" classname="Test_Data_Update.TestData_Update"/>
  <testcase name="Update_Login_Information" time="8.656" classname="Test_Data_Update.TestData_Update"/>
  <testcase name="Update_Login_Information" time="6.574" classname="Test_Data_Update.TestData_Update"/>
  <testcase name="Update_Login_Information" time="6.735" classname="Test_Data_Update.TestData_Update"/>
  <testcase name="Update_Login_Information" time="9.184" classname="Test_Data_Update.TestData_Update"/>
  <testcase name="Update_Login_Information" time="6.601" classname="Test_Data_Update.TestData_Update"/>
  <testcase name="Update_Login_Information" time="6.777" classname="Test_Data_Update.TestData_Update"/>
  <testcase name="Update_Login_Information" time="9.184" classname="Test_Data_Update.TestData_Update"/>
  <testcase name="Update_Login_Information" time="8.825" classname="Test_Data_Update.TestData_Update"/>
  <testcase name="Update_Login_Information" time="4.91" classname="Test_Data_Update.TestData_Update"/>
  <testcase name="Update_Login_Information" time="7.122" classname="Test_Data_Update.TestData_Update"/>
  <testcase name="Update_Login_Information" time="9.232" classname="Test_Data_Update.TestData_Update"/>
  <testcase name="Update_Login_Information" time="9.036" classname="Test_Data_Update.TestData_Update"/>
  <testcase name="Update_Login_Information" time="6.866" classname="Test_Data_Update.TestData_Update"/>
  <testcase name="Update_Login_Information" time="6.901" classname="Test_Data_Update.TestData_Update"/>
  <testcase name="Update_Login_Information" time="6.619" classname="Test_Data_Update.TestData_Update"/>
  <testcase name="Update_Login_Information" time="6.611" classname="Test_Data_Update.TestData_Update"/>
  <testcase name="Update_Login_Information" time="10.852" classname="Test_Data_Update.TestData_Update"/>
  <testcase name="Update_Login_Information" time="12.841" classname="Test_Data_Update.TestData_Update"/>
  <testcase name="Update_Login_Information" time="12.882" classname="Test_Data_Update.TestData_Update"/>
  <testcase name="Update_Login_Information" time="10.881" classname="Test_Data_Update.TestData_Update"/>
  <testcase name="Update_Login_Information" time="13.058" classname="Test_Data_Update.TestData_Update"/>
  <testcase name="Update_Login_Information" time="2.705" classname="Test_Data_Update.TestData_Update"/>
  <testcase name="Update_Login_Information" time="11.975" classname="Test_Data_Update.TestData_Update"/>
  <testcase name="Update_Login_Information" time="11.974" classname="Test_Data_Update.TestData_Update"/>
  <testcase name="Update_Login_Information" time="12.246" classname="Test_Data_Update.TestData_Update"/>
  <testcase name="Update_Login_Information" time="14.519" classname="Test_Data_Update.TestData_Update"/>
  <testcase name="Update_Login_Information" time="14.262" classname="Test_Data_Update.TestData_Update"/>
  <testcase name="Update_Login_Information" time="5.825" classname="Test_Data_Update.TestData_Update"/>
  <testcase name="Update_Login_Information" time="7.547" classname="Test_Data_Update.TestData_Update"/>
  <testcase name="Update_Login_Information" time="2.889" classname="Test_Data_Update.TestData_Update"/>
  <testcase name="Update_Login_Information" time="5.702" classname="Test_Data_Update.TestData_Update"/>
  <testcase name="Update_Login_Information" time="8.62" classname="Test_Data_Update.TestData_Update"/>
  <testcase name="Update_Login_Information" time="5.761" classname="Test_Data_Update.TestData_Update"/>
  <testcase name="Update_Login_Information" time="9.144" classname="Test_Data_Update.TestData_Update"/>
  <testcase name="Update_Login_Information" time="8.615" classname="Test_Data_Update.TestData_Update"/>
  <testcase name="Update_Login_Information" time="5.662" classname="Test_Data_Update.TestData_Update"/>
  <testcase name="Update_Login_Information" time="6.089" classname="Test_Data_Update.TestData_Update"/>
  <testcase name="Update_Login_Information" time="8.32" classname="Test_Data_Update.TestData_Update"/>
  <testcase name="Update_Login_Information" time="11.476" classname="Test_Data_Update.TestData_Update"/>
  <testcase name="Update_Login_Information" time="8.346" classname="Test_Data_Update.TestData_Update"/>
  <testcase name="Update_Login_Information" time="8.135" classname="Test_Data_Update.TestData_Update"/>
  <testcase name="Update_Login_Information" time="8.119" classname="Test_Data_Update.TestData_Update"/>
  <testcase name="Update_Login_Information" time="8.383" classname="Test_Data_Update.TestData_Update"/>
  <testcase name="Update_Login_Information" time="10.881" classname="Test_Data_Update.TestData_Update"/>
  <testcase name="Update_Login_Information" time="10.48" classname="Test_Data_Update.TestData_Update"/>
  <testcase name="Update_Login_Information" time="10.073" classname="Test_Data_Update.TestData_Update"/>
  <testcase name="Update_Login_Information" time="7.675" classname="Test_Data_Update.TestData_Update"/>
  <testcase name="Update_Login_Information" time="5.166" classname="Test_Data_Update.TestData_Update"/>
  <testcase name="Update_Login_Information" time="7.432" classname="Test_Data_Update.TestData_Update"/>
  <testcase name="Update_Login_Information" time="10.557" classname="Test_Data_Update.TestData_Update"/>
  <testcase name="Update_Login_Information" time="7.099" classname="Test_Data_Update.TestData_Update"/>
  <testcase name="Update_Login_Information" time="8.946" classname="Test_Data_Update.TestData_Update"/>
  <testcase name="Update_Login_Information" time="5.861" classname="Test_Data_Update.TestData_Update"/>
  <testcase name="Update_Login_Information" time="7.436" classname="Test_Data_Update.TestData_Update"/>
  <testcase name="Update_Login_Information" time="7.401" classname="Test_Data_Update.TestData_Update"/>
  <testcase name="Update_Login_Information" time="9.26" classname="Test_Data_Update.TestData_Update"/>
  <testcase name="Update_Login_Information" time="9.282" classname="Test_Data_Update.TestData_Update"/>
  <testcase name="Update_Login_Information" time="7.223" classname="Test_Data_Update.TestData_Update"/>
  <testcase name="Update_Login_Information" time="8.502" classname="Test_Data_Update.TestData_Update"/>
  <testcase name="Update_Login_Information" time="10.916" classname="Test_Data_Update.TestData_Update"/>
  <testcase name="Update_Login_Information" time="11.71" classname="Test_Data_Update.TestData_Update"/>
  <testcase name="Update_Login_Information" time="12.273" classname="Test_Data_Update.TestData_Update"/>
  <testcase name="Update_Login_Information" time="14.087" classname="Test_Data_Update.TestData_Update"/>
  <testcase name="Update_Login_Information" time="14.295" classname="Test_Data_Update.TestData_Update"/>
  <testcase name="Update_Login_Information" time="13.126" classname="Test_Data_Update.TestData_Update"/>
  <testcase name="Update_Login_Information" time="15.371" classname="Test_Data_Update.TestData_Update"/>
  <testcase name="Update_Login_Information" time="14.131" classname="Test_Data_Update.TestData_Update"/>
  <testcase name="Update_Login_Information" time="13.708" classname="Test_Data_Update.TestData_Update"/>
  <testcase name="Update_Login_Information" time="12.555" classname="Test_Data_Update.TestData_Update"/>
  <testcase name="Update_Login_Information" time="9.631" classname="Test_Data_Update.TestData_Update"/>
  <testcase name="Update_Login_Information" time="11.85" classname="Test_Data_Update.TestData_Update"/>
  <testcase name="Update_Login_Information" time="15.255" classname="Test_Data_Update.TestData_Update"/>
  <testcase name="Update_Login_Information" time="9.141" classname="Test_Data_Update.TestData_Update"/>
  <testcase name="Update_Login_Information" time="19.839" classname="Test_Data_Update.TestData_Update"/>
  <testcase name="Update_Login_Information" time="20.238" classname="Test_Data_Update.TestData_Update"/>
  <testcase name="Update_Login_Information" time="19.322" classname="Test_Data_Update.TestData_Update"/>
  <testcase name="Update_Login_Information" time="15.529" classname="Test_Data_Update.TestData_Update"/>
  <testcase name="Update_Login_Information" time="14.974" classname="Test_Data_Update.TestData_Update"/>
  <testcase name="Update_Login_Information" time="18.275" classname="Test_Data_Update.TestData_Update"/>
  <testcase name="Update_Login_Information" time="3.386" classname="Test_Data_Update.TestData_Update"/>
  <testcase name="Update_Login_Information" time="13.07" classname="Test_Data_Update.TestData_Update"/>
  <testcase name="Update_Login_Information" time="16.29" classname="Test_Data_Update.TestData_Update"/>
  <testcase name="Update_Login_Information" time="16.33" classname="Test_Data_Update.TestData_Update"/>
  <testcase name="Update_Login_Information" time="15.875" classname="Test_Data_Update.TestData_Update"/>
  <testcase name="Update_Login_Information" time="11.475" classname="Test_Data_Update.TestData_Update"/>
  <testcase name="Update_Login_Information" time="11.082" classname="Test_Data_Update.TestData_Update"/>
  <testcase name="Update_Login_Information" time="9.083" classname="Test_Data_Update.TestData_Update"/>
  <testcase name="Update_Login_Information" time="11.255" classname="Test_Data_Update.TestData_Update"/>
  <testcase name="Update_Login_Information" time="7.835" classname="Test_Data_Update.TestData_Update"/>
  <testcase name="Update_Login_Information" time="10.79" classname="Test_Data_Update.TestData_Update"/>
  <testcase name="Update_Login_Information" time="10.557" classname="Test_Data_Update.TestData_Update"/>
  <testcase name="Update_Login_Information" time="10.428" classname="Test_Data_Update.TestData_Update"/>
  <testcase name="Update_Login_Information" time="10.161" classname="Test_Data_Update.TestData_Update"/>
  <testcase name="Update_Login_Information" time="7.373" classname="Test_Data_Update.TestData_Update"/>
  <testcase name="Update_Login_Information" time="10.391" classname="Test_Data_Update.TestData_Update"/>
  <testcase name="Update_Login_Information" time="1.237" classname="Test_Data_Update.TestData_Update">
    <failure type="java.lang.AssertionError" message="Not able to login">
      <![CDATA[java.lang.AssertionError: Not able to login
at org.junit.Assert.fail(Assert.java:88)
at Test_Data_Update.TestData_Update.Update_Login_Information(TestData_Update.java:119)
at sun.reflect.GeneratedMethodAccessor2.invoke(Unknown Source)
at sun.reflect.DelegatingMethodAccessorImpl.invoke(Unknown Source)
at java.lang.reflect.Method.invoke(Unknown Source)
at org.testng.internal.MethodInvocationHelper.invokeMethod(MethodInvocationHelper.java:124)
at org.testng.internal.Invoker.invokeMethod(Invoker.java:580)
at org.testng.internal.Invoker.invokeTestMethod(Invoker.java:716)
at org.testng.internal.TestMethodWithDataProviderMethodWorker.call(TestMethodWithDataProviderMethodWorker.java:71)
at org.testng.internal.TestMethodWithDataProviderMethodWorker.call(TestMethodWithDataProviderMethodWorker.java:14)
at java.util.concurrent.FutureTask.run(Unknown Source)
at java.util.concurrent.Executors$RunnableAdapter.call(Unknown Source)
at java.util.concurrent.FutureTask.run(Unknown Source)
at java.util.concurrent.ThreadPoolExecutor.runWorker(Unknown Source)
at java.util.concurrent.ThreadPoolExecutor$Worker.run(Unknown Source)
at java.lang.Thread.run(Unknown Source)
]]>
    </failure>
  </testcase> <!-- Update_Login_Information -->
  <testcase name="Update_Login_Information" time="10.054" classname="Test_Data_Update.TestData_Update"/>
  <testcase name="Update_Login_Information" time="10.486" classname="Test_Data_Update.TestData_Update"/>
  <testcase name="Update_Login_Information" time="8.677" classname="Test_Data_Update.TestData_Update"/>
  <testcase name="Update_Login_Information" time="5.826" classname="Test_Data_Update.TestData_Update"/>
  <testcase name="Update_Login_Information" time="13.333" classname="Test_Data_Update.TestData_Update"/>
  <testcase name="Update_Login_Information" time="11.166" classname="Test_Data_Update.TestData_Update"/>
  <testcase name="Update_Login_Information" time="11.266" classname="Test_Data_Update.TestData_Update"/>
  <testcase name="Update_Login_Information" time="11.387" classname="Test_Data_Update.TestData_Update"/>
  <testcase name="Update_Login_Information" time="10.804" classname="Test_Data_Update.TestData_Update"/>
  <testcase name="Update_Login_Information" time="10.437" classname="Test_Data_Update.TestData_Update"/>
  <testcase name="Update_Login_Information" time="10.447" classname="Test_Data_Update.TestData_Update"/>
  <testcase name="Update_Login_Information" time="9.598" classname="Test_Data_Update.TestData_Update"/>
  <testcase name="Update_Login_Information" time="9.47" classname="Test_Data_Update.TestData_Update"/>
  <testcase name="Update_Login_Information" time="7.009" classname="Test_Data_Update.TestData_Update"/>
  <testcase name="Update_Login_Information" time="9.389" classname="Test_Data_Update.TestData_Update"/>
  <testcase name="Update_Login_Information" time="12.272" classname="Test_Data_Update.TestData_Update"/>
  <testcase name="Update_Login_Information" time="11.546" classname="Test_Data_Update.TestData_Update"/>
  <testcase name="Update_Login_Information" time="10.976" classname="Test_Data_Update.TestData_Update"/>
  <testcase name="Update_Login_Information" time="7.152" classname="Test_Data_Update.TestData_Update"/>
  <testcase name="Update_Login_Information" time="11.257" classname="Test_Data_Update.TestData_Update"/>
  <testcase name="Update_Login_Information" time="7.425" classname="Test_Data_Update.TestData_Update"/>
  <testcase name="Update_Login_Information" time="7.302" classname="Test_Data_Update.TestData_Update"/>
  <testcase name="Update_Login_Information" time="7.592" classname="Test_Data_Update.TestData_Update"/>
  <testcase name="Update_Login_Information" time="9.565" classname="Test_Data_Update.TestData_Update"/>
  <testcase name="Update_Login_Information" time="12.049" classname="Test_Data_Update.TestData_Update"/>
  <testcase name="Update_Login_Information" time="12.062" classname="Test_Data_Update.TestData_Update"/>
  <testcase name="Update_Login_Information" time="10.07" classname="Test_Data_Update.TestData_Update"/>
  <testcase name="Update_Login_Information" time="7.243" classname="Test_Data_Update.TestData_Update"/>
  <testcase name="Update_Login_Information" time="10.116" classname="Test_Data_Update.TestData_Update"/>
  <testcase name="Update_Login_Information" time="11.38" classname="Test_Data_Update.TestData_Update"/>
  <testcase name="Update_Login_Information" time="12.138" classname="Test_Data_Update.TestData_Update"/>
  <testcase name="Update_Login_Information" time="4.933" classname="Test_Data_Update.TestData_Update"/>
  <testcase name="Update_Login_Information" time="10.136" classname="Test_Data_Update.TestData_Update"/>
  <testcase name="Update_Login_Information" time="9.643" classname="Test_Data_Update.TestData_Update"/>
  <testcase name="Update_Login_Information" time="12.333" classname="Test_Data_Update.TestData_Update"/>
  <testcase name="Update_Login_Information" time="16.603" classname="Test_Data_Update.TestData_Update"/>
  <testcase name="Update_Login_Information" time="10.343" classname="Test_Data_Update.TestData_Update"/>
  <testcase name="Update_Login_Information" time="14.414" classname="Test_Data_Update.TestData_Update"/>
  <testcase name="Update_Login_Information" time="12.366" classname="Test_Data_Update.TestData_Update"/>
  <testcase name="Update_Login_Information" time="16.727" classname="Test_Data_Update.TestData_Update"/>
  <testcase name="Update_Login_Information" time="16.991" classname="Test_Data_Update.TestData_Update"/>
  <testcase name="Update_Login_Information" time="14.379" classname="Test_Data_Update.TestData_Update"/>
  <testcase name="Update_Login_Information" time="6.722" classname="Test_Data_Update.TestData_Update"/>
  <testcase name="Update_Login_Information" time="6.904" classname="Test_Data_Update.TestData_Update"/>
  <testcase name="Update_Login_Information" time="13.677" classname="Test_Data_Update.TestData_Update"/>
  <testcase name="Update_Login_Information" time="7.307" classname="Test_Data_Update.TestData_Update"/>
  <testcase name="Update_Login_Information" time="16.294" classname="Test_Data_Update.TestData_Update"/>
  <testcase name="Update_Login_Information" time="9.501" classname="Test_Data_Update.TestData_Update"/>
  <testcase name="Update_Login_Information" time="11.507" classname="Test_Data_Update.TestData_Update"/>
  <testcase name="Update_Login_Information" time="9.916" classname="Test_Data_Update.TestData_Update"/>
  <testcase name="Update_Login_Information" time="9.983" classname="Test_Data_Update.TestData_Update"/>
  <testcase name="Update_Login_Information" time="6.076" classname="Test_Data_Update.TestData_Update"/>
  <testcase name="Update_Login_Information" time="8.637" classname="Test_Data_Update.TestData_Update"/>
  <testcase name="Update_Login_Information" time="2.863" classname="Test_Data_Update.TestData_Update"/>
  <testcase name="Update_Login_Information" time="9.065" classname="Test_Data_Update.TestData_Update"/>
  <testcase name="Update_Login_Information" time="11.567" classname="Test_Data_Update.TestData_Update"/>
  <testcase name="Update_Login_Information" time="3.12" classname="Test_Data_Update.TestData_Update"/>
  <testcase name="Update_Login_Information" time="14.29" classname="Test_Data_Update.TestData_Update"/>
  <testcase name="Update_Login_Information" time="9.143" classname="Test_Data_Update.TestData_Update"/>
  <testcase name="Update_Login_Information" time="8.513" classname="Test_Data_Update.TestData_Update"/>
  <testcase name="Update_Login_Information" time="11.658" classname="Test_Data_Update.TestData_Update"/>
  <testcase name="Update_Login_Information" time="13.781" classname="Test_Data_Update.TestData_Update"/>
  <testcase name="Update_Login_Information" time="3.085" classname="Test_Data_Update.TestData_Update"/>
  <testcase name="Update_Login_Information" time="11.954" classname="Test_Data_Update.TestData_Update"/>
  <testcase name="Update_Login_Information" time="6.152" classname="Test_Data_Update.TestData_Update"/>
  <testcase name="Update_Login_Information" time="11.753" classname="Test_Data_Update.TestData_Update"/>
  <testcase name="Update_Login_Information" time="6.034" classname="Test_Data_Update.TestData_Update"/>
  <testcase name="Update_Login_Information" time="6.129" classname="Test_Data_Update.TestData_Update"/>
  <testcase name="Update_Login_Information" time="8.165" classname="Test_Data_Update.TestData_Update"/>
  <testcase name="Update_Login_Information" time="5.837" classname="Test_Data_Update.TestData_Update"/>
  <testcase name="Update_Login_Information" time="11.331" classname="Test_Data_Update.TestData_Update"/>
  <testcase name="Update_Login_Information" time="5.722" classname="Test_Data_Update.TestData_Update"/>
  <testcase name="Update_Login_Information" time="1.155" classname="Test_Data_Update.TestData_Update">
    <failure type="java.lang.AssertionError" message="Not able to login">
      <![CDATA[java.lang.AssertionError: Not able to login
at org.junit.Assert.fail(Assert.java:88)
at Test_Data_Update.TestData_Update.Update_Login_Information(TestData_Update.java:119)
at sun.reflect.GeneratedMethodAccessor2.invoke(Unknown Source)
at sun.reflect.DelegatingMethodAccessorImpl.invoke(Unknown Source)
at java.lang.reflect.Method.invoke(Unknown Source)
at org.testng.internal.MethodInvocationHelper.invokeMethod(MethodInvocationHelper.java:124)
at org.testng.internal.Invoker.invokeMethod(Invoker.java:580)
at org.testng.internal.Invoker.invokeTestMethod(Invoker.java:716)
at org.testng.internal.TestMethodWithDataProviderMethodWorker.call(TestMethodWithDataProviderMethodWorker.java:71)
at org.testng.internal.TestMethodWithDataProviderMethodWorker.call(TestMethodWithDataProviderMethodWorker.java:14)
at java.util.concurrent.FutureTask.run(Unknown Source)
at java.util.concurrent.Executors$RunnableAdapter.call(Unknown Source)
at java.util.concurrent.FutureTask.run(Unknown Source)
at java.util.concurrent.ThreadPoolExecutor.runWorker(Unknown Source)
at java.util.concurrent.ThreadPoolExecutor$Worker.run(Unknown Source)
at java.lang.Thread.run(Unknown Source)
]]>
    </failure>
  </testcase> <!-- Update_Login_Information -->
  <testcase name="Update_Login_Information" time="8.001" classname="Test_Data_Update.TestData_Update"/>
  <testcase name="Update_Login_Information" time="8.406" classname="Test_Data_Update.TestData_Update"/>
  <testcase name="Update_Login_Information" time="5.738" classname="Test_Data_Update.TestData_Update"/>
  <testcase name="Update_Login_Information" time="10.223" classname="Test_Data_Update.TestData_Update"/>
  <testcase name="Update_Login_Information" time="5.284" classname="Test_Data_Update.TestData_Update"/>
  <testcase name="Update_Login_Information" time="7.695" classname="Test_Data_Update.TestData_Update"/>
  <testcase name="Update_Login_Information" time="10.688" classname="Test_Data_Update.TestData_Update"/>
  <testcase name="Update_Login_Information" time="7.692" classname="Test_Data_Update.TestData_Update"/>
  <testcase name="Update_Login_Information" time="8.194" classname="Test_Data_Update.TestData_Update"/>
  <testcase name="Update_Login_Information" time="8.125" classname="Test_Data_Update.TestData_Update"/>
  <testcase name="Update_Login_Information" time="8.133" classname="Test_Data_Update.TestData_Update"/>
  <testcase name="Update_Login_Information" time="9.501" classname="Test_Data_Update.TestData_Update"/>
  <testcase name="Update_Login_Information" time="21.204" classname="Test_Data_Update.TestData_Update">
    <failure type="java.lang.NullPointerException">
      <![CDATA[java.lang.NullPointerException
at Test_Data_Update.TestData_Update.Update_Login_Information(TestData_Update.java:123)
at sun.reflect.GeneratedMethodAccessor2.invoke(Unknown Source)
at sun.reflect.DelegatingMethodAccessorImpl.invoke(Unknown Source)
at java.lang.reflect.Method.invoke(Unknown Source)
at org.testng.internal.MethodInvocationHelper.invokeMethod(MethodInvocationHelper.java:124)
at org.testng.internal.Invoker.invokeMethod(Invoker.java:580)
at org.testng.internal.Invoker.invokeTestMethod(Invoker.java:716)
at org.testng.internal.TestMethodWithDataProviderMethodWorker.call(TestMethodWithDataProviderMethodWorker.java:71)
at org.testng.internal.TestMethodWithDataProviderMethodWorker.call(TestMethodWithDataProviderMethodWorker.java:14)
at java.util.concurrent.FutureTask.run(Unknown Source)
at java.util.concurrent.Executors$RunnableAdapter.call(Unknown Source)
at java.util.concurrent.FutureTask.run(Unknown Source)
at java.util.concurrent.ThreadPoolExecutor.runWorker(Unknown Source)
at java.util.concurrent.ThreadPoolExecutor$Worker.run(Unknown Source)
at java.lang.Thread.run(Unknown Source)
]]>
    </failure>
  </testcase> <!-- Update_Login_Information -->
  <testcase name="Update_Login_Information" time="29.416" classname="Test_Data_Update.TestData_Update"/>
</testsuite> <!-- Default test -->
