<?xml version="1.0" encoding="UTF-8"?>
<!-- Generated by org.testng.reporters.JUnitXMLReporter -->
<testsuite hostname="WTC-5159473-l2" ignored="0" name="ATRK_PI_12_Test" tests="7" failures="5" timestamp="21 Jun 2019 21:55:42 GMT" time="0.76" errors="0">
  <testcase name="SetEvironmentLevel" time="0.035" classname="SupportClasses.Environment">
    <skipped/>
  </testcase> <!-- SetEvironmentLevel -->
  <testcase name="ATRK_AVERT_1228244" time="0.003" classname="ATRK_Application.pi_12">
    <failure type="java.lang.Error" message="Unresolved compilation problem: 
	The method ChangeURL(String, String, String, boolean) in the type WebDriver_Functions is not applicable for the arguments (String, String, boolean)
">
      <![CDATA[java.lang.Error: Unresolved compilation problem: 
The method ChangeURL(String, String, String, boolean) in the type WebDriver_Functions is not applicable for the arguments (String, String, boolean)

at ATRK_Application.pi_12.ATRK_AVERT_1228244(pi_12.java:64)
at java.util.concurrent.FutureTask.run(Unknown Source)
at java.util.concurrent.Executors$RunnableAdapter.call(Unknown Source)
at java.util.concurrent.FutureTask.run(Unknown Source)
at java.util.concurrent.ThreadPoolExecutor.runWorker(Unknown Source)
at java.util.concurrent.ThreadPoolExecutor$Worker.run(Unknown Source)
at java.lang.Thread.run(Unknown Source)
... Removed 9 stack frames]]>
    </failure>
  </testcase> <!-- ATRK_AVERT_1228244 -->
  <testcase name="ATRK_AVERT_1228244" time="0.006" classname="ATRK_Application.pi_12">
    <failure type="java.lang.Error" message="Unresolved compilation problem: 
	The method ChangeURL(String, String, String, boolean) in the type WebDriver_Functions is not applicable for the arguments (String, String, boolean)
">
      <![CDATA[java.lang.Error: Unresolved compilation problem: 
The method ChangeURL(String, String, String, boolean) in the type WebDriver_Functions is not applicable for the arguments (String, String, boolean)

at ATRK_Application.pi_12.ATRK_AVERT_1228244(pi_12.java:64)
at java.util.concurrent.FutureTask.run(Unknown Source)
at java.util.concurrent.Executors$RunnableAdapter.call(Unknown Source)
at java.util.concurrent.FutureTask.run(Unknown Source)
at java.util.concurrent.ThreadPoolExecutor.runWorker(Unknown Source)
at java.util.concurrent.ThreadPoolExecutor$Worker.run(Unknown Source)
at java.lang.Thread.run(Unknown Source)
... Removed 9 stack frames]]>
    </failure>
  </testcase> <!-- ATRK_AVERT_1228244 -->
  <testcase name="ATRK_AVERT_1228244" time="0.008" classname="ATRK_Application.pi_12">
    <failure type="java.lang.Error" message="Unresolved compilation problem: 
	The method ChangeURL(String, String, String, boolean) in the type WebDriver_Functions is not applicable for the arguments (String, String, boolean)
">
      <![CDATA[java.lang.Error: Unresolved compilation problem: 
The method ChangeURL(String, String, String, boolean) in the type WebDriver_Functions is not applicable for the arguments (String, String, boolean)

at ATRK_Application.pi_12.ATRK_AVERT_1228244(pi_12.java:64)
at java.util.concurrent.FutureTask.run(Unknown Source)
at java.util.concurrent.Executors$RunnableAdapter.call(Unknown Source)
at java.util.concurrent.FutureTask.run(Unknown Source)
at java.util.concurrent.ThreadPoolExecutor.runWorker(Unknown Source)
at java.util.concurrent.ThreadPoolExecutor$Worker.run(Unknown Source)
at java.lang.Thread.run(Unknown Source)
... Removed 9 stack frames]]>
    </failure>
  </testcase> <!-- ATRK_AVERT_1228244 -->
  <testcase name="ATRK_AVERT_1228244" time="0.005" classname="ATRK_Application.pi_12">
    <failure type="java.lang.Error" message="Unresolved compilation problem: 
	The method ChangeURL(String, String, String, boolean) in the type WebDriver_Functions is not applicable for the arguments (String, String, boolean)
">
      <![CDATA[java.lang.Error: Unresolved compilation problem: 
The method ChangeURL(String, String, String, boolean) in the type WebDriver_Functions is not applicable for the arguments (String, String, boolean)

at ATRK_Application.pi_12.ATRK_AVERT_1228244(pi_12.java:64)
at java.util.concurrent.FutureTask.run(Unknown Source)
at java.util.concurrent.Executors$RunnableAdapter.call(Unknown Source)
at java.util.concurrent.FutureTask.run(Unknown Source)
at java.util.concurrent.ThreadPoolExecutor.runWorker(Unknown Source)
at java.util.concurrent.ThreadPoolExecutor$Worker.run(Unknown Source)
at java.lang.Thread.run(Unknown Source)
... Removed 9 stack frames]]>
    </failure>
  </testcase> <!-- ATRK_AVERT_1228244 -->
  <testcase name="ATRK_AVERT_1228244" time="0.01" classname="ATRK_Application.pi_12">
    <failure type="java.lang.Error" message="Unresolved compilation problem: 
	The method ChangeURL(String, String, String, boolean) in the type WebDriver_Functions is not applicable for the arguments (String, String, boolean)
">
      <![CDATA[java.lang.Error: Unresolved compilation problem: 
The method ChangeURL(String, String, String, boolean) in the type WebDriver_Functions is not applicable for the arguments (String, String, boolean)

at ATRK_Application.pi_12.ATRK_AVERT_1228244(pi_12.java:64)
at java.util.concurrent.FutureTask.run(Unknown Source)
at java.util.concurrent.Executors$RunnableAdapter.call(Unknown Source)
at java.util.concurrent.FutureTask.run(Unknown Source)
at java.util.concurrent.ThreadPoolExecutor.runWorker(Unknown Source)
at java.util.concurrent.ThreadPoolExecutor$Worker.run(Unknown Source)
at java.lang.Thread.run(Unknown Source)
... Removed 9 stack frames]]>
    </failure>
  </testcase> <!-- ATRK_AVERT_1228244 -->
  <testcase name="ATRK_AVERT_1228244" time="0.012" classname="ATRK_Application.pi_12">
    <failure type="java.lang.Error" message="Unresolved compilation problem: 
	The method ChangeURL(String, String, String, boolean) in the type WebDriver_Functions is not applicable for the arguments (String, String, boolean)
">
      <![CDATA[java.lang.Error: Unresolved compilation problem: 
The method ChangeURL(String, String, String, boolean) in the type WebDriver_Functions is not applicable for the arguments (String, String, boolean)

at ATRK_Application.pi_12.ATRK_AVERT_1228244(pi_12.java:64)
at java.util.concurrent.FutureTask.run(Unknown Source)
at java.util.concurrent.Executors$RunnableAdapter.call(Unknown Source)
at java.util.concurrent.FutureTask.run(Unknown Source)
at java.util.concurrent.ThreadPoolExecutor.runWorker(Unknown Source)
at java.util.concurrent.ThreadPoolExecutor$Worker.run(Unknown Source)
at java.lang.Thread.run(Unknown Source)
... Removed 9 stack frames]]>
    </failure>
  </testcase> <!-- ATRK_AVERT_1228244 -->
</testsuite> <!-- ATRK_PI_12_Test -->
