<html>
<head>
<title>TestNG:  ADAT_Test</title>
<link href="../testng.css" rel="stylesheet" type="text/css" />
<link href="../my-testng.css" rel="stylesheet" type="text/css" />

<style type="text/css">
.log { display: none;} 
.stack-trace { display: none;} 
</style>
<script type="text/javascript">
<!--
function flip(e) {
  current = e.style.display;
  if (current == 'block') {
    e.style.display = 'none';
    return 0;
  }
  else {
    e.style.display = 'block';
    return 1;
  }
}

function toggleBox(szDivId, elem, msg1, msg2)
{
  var res = -1;  if (document.getElementById) {
    res = flip(document.getElementById(szDivId));
  }
  else if (document.all) {
    // this is the way old msie versions work
    res = flip(document.all[szDivId]);
  }
  if(elem) {
    if(res == 0) elem.innerHTML = msg1; else elem.innerHTML = msg2;
  }

}

function toggleAllBoxes() {
  if (document.getElementsByTagName) {
    d = document.getElementsByTagName('div');
    for (i = 0; i < d.length; i++) {
      if (d[i].className == 'log') {
        flip(d[i]);
      }
    }
  }
}

// -->
</script>

</head>
<body>
<h2 align='center'>ADAT_Test</h2><table border='1' align="center">
<tr>
<td>Tests passed/Failed/Skipped:</td><td>0/14/0</td>
</tr><tr>
<td>Started on:</td><td>Tue Jun 11 11:37:16 CDT 2019</td>
</tr>
<tr><td>Total time:</td><td>8 seconds (8798 ms)</td>
</tr><tr>
<td>Included groups:</td><td></td>
</tr><tr>
<td>Excluded groups:</td><td></td>
</tr>
</table><p/>
<small><i>(Hover the method name to see the test class name)</i></small><p/>
<table width='100%' border='1' class='invocation-failed'>
<tr><td colspan='4' align='center'><b>FAILED TESTS</b></td></tr>
<tr><td><b>Test method</b></td>
<td width="30%"><b>Exception</b></td>
<td width="10%"><b>Time (seconds)</b></td>
<td><b>Instance</b></td>
</tr>
<tr>
<td title='ADAT_Application.ADAT.ADAT_AddressVelocity()'><b>ADAT_AddressVelocity</b><br>Test class: ADAT_Application.ADAT<br>Parameters: 6, Data_Structures.ADAT_Data@4f700759, FDM-PHONE-PIN</td>
<td><div><pre>java.lang.AssertionError: 
Expected: a string containing &quot;&lt;rf11:advice&gt;&quot;
     but: was &quot;com.sun.xml.internal.messaging.saaj.SOAPExceptionImpl: Message send failed&quot;
	at org.hamcrest.MatcherAssert.assertThat(MatcherAssert.java:20)
	at org.junit.Assert.assertThat(Assert.java:956)
	at org.junit.Assert.assertThat(Assert.java:923)
	at ADAT_Application.ADAT_Endpoints.ADAT_EvaluateRisk(ADAT_Endpoints.java:187)
	at ADAT_Application.ADAT_Endpoints.VelocityCheck(ADAT_Endpoints.java:24)
	at ADAT_Application.ADAT.ADAT_AddressVelocity(ADAT.java:95)
	at java.util.concurrent.FutureTask.run(Unknown Source)
	at java.util.concurrent.Executors$RunnableAdapter.call(Unknown Source)
	at java.util.concurrent.FutureTask.run(Unknown Source)
	at java.util.concurrent.ThreadPoolExecutor.runWorker(Unknown Source)
	at java.util.concurrent.ThreadPoolExecutor$Worker.run(Unknown Source)
	at java.lang.Thread.run(Unknown Source)
... Removed 9 stack frames</pre></div><a href='#' onClick='toggleBox("stack-trace117542836", this, "Click to show all stack frames", "Click to hide stack frames")'>Click to show all stack frames</a>
<div class='stack-trace' id='stack-trace117542836'><pre>java.lang.AssertionError: 
Expected: a string containing &quot;&lt;rf11:advice&gt;&quot;
     but: was &quot;com.sun.xml.internal.messaging.saaj.SOAPExceptionImpl: Message send failed&quot;
	at org.hamcrest.MatcherAssert.assertThat(MatcherAssert.java:20)
	at org.junit.Assert.assertThat(Assert.java:956)
	at org.junit.Assert.assertThat(Assert.java:923)
	at ADAT_Application.ADAT_Endpoints.ADAT_EvaluateRisk(ADAT_Endpoints.java:187)
	at ADAT_Application.ADAT_Endpoints.VelocityCheck(ADAT_Endpoints.java:24)
	at ADAT_Application.ADAT.ADAT_AddressVelocity(ADAT.java:95)
	at sun.reflect.NativeMethodAccessorImpl.invoke0(Native Method)
	at sun.reflect.NativeMethodAccessorImpl.invoke(Unknown Source)
	at sun.reflect.DelegatingMethodAccessorImpl.invoke(Unknown Source)
	at java.lang.reflect.Method.invoke(Unknown Source)
	at org.testng.internal.MethodInvocationHelper.invokeMethod(MethodInvocationHelper.java:124)
	at org.testng.internal.Invoker.invokeMethod(Invoker.java:580)
	at org.testng.internal.Invoker.invokeTestMethod(Invoker.java:716)
	at org.testng.internal.TestMethodWithDataProviderMethodWorker.call(TestMethodWithDataProviderMethodWorker.java:71)
	at org.testng.internal.TestMethodWithDataProviderMethodWorker.call(TestMethodWithDataProviderMethodWorker.java:14)
	at java.util.concurrent.FutureTask.run(Unknown Source)
	at java.util.concurrent.Executors$RunnableAdapter.call(Unknown Source)
	at java.util.concurrent.FutureTask.run(Unknown Source)
	at java.util.concurrent.ThreadPoolExecutor.runWorker(Unknown Source)
	at java.util.concurrent.ThreadPoolExecutor$Worker.run(Unknown Source)
	at java.lang.Thread.run(Unknown Source)
</pre></div></td>
<td>1</td>
<td>ADAT_Application.ADAT@36f0f1be</td></tr>
<tr>
<td title='ADAT_Application.ADAT.ADAT_AddressVelocity()'><b>ADAT_AddressVelocity</b><br>Test class: ADAT_Application.ADAT<br>Parameters: 6, Data_Structures.ADAT_Data@4f700759, FDM-POSTCARD-PIN</td>
<td><div><pre>java.lang.AssertionError: 
Expected: a string containing &quot;&lt;rf11:advice&gt;&quot;
     but: was &quot;com.sun.xml.internal.messaging.saaj.SOAPExceptionImpl: Message send failed&quot;
	at org.hamcrest.MatcherAssert.assertThat(MatcherAssert.java:20)
	at org.junit.Assert.assertThat(Assert.java:956)
	at org.junit.Assert.assertThat(Assert.java:923)
	at ADAT_Application.ADAT_Endpoints.ADAT_EvaluateRisk(ADAT_Endpoints.java:187)
	at ADAT_Application.ADAT_Endpoints.VelocityCheck(ADAT_Endpoints.java:24)
	at ADAT_Application.ADAT.ADAT_AddressVelocity(ADAT.java:95)
	at java.util.concurrent.FutureTask.run(Unknown Source)
	at java.util.concurrent.Executors$RunnableAdapter.call(Unknown Source)
	at java.util.concurrent.FutureTask.run(Unknown Source)
	at java.util.concurrent.ThreadPoolExecutor.runWorker(Unknown Source)
	at java.util.concurrent.ThreadPoolExecutor$Worker.run(Unknown Source)
	at java.lang.Thread.run(Unknown Source)
... Removed 9 stack frames</pre></div><a href='#' onClick='toggleBox("stack-trace896664817", this, "Click to show all stack frames", "Click to hide stack frames")'>Click to show all stack frames</a>
<div class='stack-trace' id='stack-trace896664817'><pre>java.lang.AssertionError: 
Expected: a string containing &quot;&lt;rf11:advice&gt;&quot;
     but: was &quot;com.sun.xml.internal.messaging.saaj.SOAPExceptionImpl: Message send failed&quot;
	at org.hamcrest.MatcherAssert.assertThat(MatcherAssert.java:20)
	at org.junit.Assert.assertThat(Assert.java:956)
	at org.junit.Assert.assertThat(Assert.java:923)
	at ADAT_Application.ADAT_Endpoints.ADAT_EvaluateRisk(ADAT_Endpoints.java:187)
	at ADAT_Application.ADAT_Endpoints.VelocityCheck(ADAT_Endpoints.java:24)
	at ADAT_Application.ADAT.ADAT_AddressVelocity(ADAT.java:95)
	at sun.reflect.NativeMethodAccessorImpl.invoke0(Native Method)
	at sun.reflect.NativeMethodAccessorImpl.invoke(Unknown Source)
	at sun.reflect.DelegatingMethodAccessorImpl.invoke(Unknown Source)
	at java.lang.reflect.Method.invoke(Unknown Source)
	at org.testng.internal.MethodInvocationHelper.invokeMethod(MethodInvocationHelper.java:124)
	at org.testng.internal.Invoker.invokeMethod(Invoker.java:580)
	at org.testng.internal.Invoker.invokeTestMethod(Invoker.java:716)
	at org.testng.internal.TestMethodWithDataProviderMethodWorker.call(TestMethodWithDataProviderMethodWorker.java:71)
	at org.testng.internal.TestMethodWithDataProviderMethodWorker.call(TestMethodWithDataProviderMethodWorker.java:14)
	at java.util.concurrent.FutureTask.run(Unknown Source)
	at java.util.concurrent.Executors$RunnableAdapter.call(Unknown Source)
	at java.util.concurrent.FutureTask.run(Unknown Source)
	at java.util.concurrent.ThreadPoolExecutor.runWorker(Unknown Source)
	at java.util.concurrent.ThreadPoolExecutor$Worker.run(Unknown Source)
	at java.lang.Thread.run(Unknown Source)
</pre></div></td>
<td>1</td>
<td>ADAT_Application.ADAT@36f0f1be</td></tr>
<tr>
<td title='ADAT_Application.ADAT.ADAT_CreatePin()'><b>ADAT_CreatePin</b><br>Test class: ADAT_Application.ADAT<br>Parameters: 6, Data_Structures.ADAT_Data@4f700759, FDM-PHONE-PIN</td>
<td><div><pre>java.lang.AssertionError: 
Expected: a string containing &quot;FDM-PHONE-PIN&quot;
     but: was &quot;com.sun.xml.internal.messaging.saaj.SOAPExceptionImpl: Message send failed&quot;
	at org.hamcrest.MatcherAssert.assertThat(MatcherAssert.java:20)
	at org.junit.Assert.assertThat(Assert.java:956)
	at org.junit.Assert.assertThat(Assert.java:923)
	at ADAT_Application.ADAT.ADAT_CreatePin(ADAT.java:86)
	at java.util.concurrent.FutureTask.run(Unknown Source)
	at java.util.concurrent.Executors$RunnableAdapter.call(Unknown Source)
	at java.util.concurrent.FutureTask.run(Unknown Source)
	at java.util.concurrent.ThreadPoolExecutor.runWorker(Unknown Source)
	at java.util.concurrent.ThreadPoolExecutor$Worker.run(Unknown Source)
	at java.lang.Thread.run(Unknown Source)
... Removed 9 stack frames</pre></div><a href='#' onClick='toggleBox("stack-trace2079194900", this, "Click to show all stack frames", "Click to hide stack frames")'>Click to show all stack frames</a>
<div class='stack-trace' id='stack-trace2079194900'><pre>java.lang.AssertionError: 
Expected: a string containing &quot;FDM-PHONE-PIN&quot;
     but: was &quot;com.sun.xml.internal.messaging.saaj.SOAPExceptionImpl: Message send failed&quot;
	at org.hamcrest.MatcherAssert.assertThat(MatcherAssert.java:20)
	at org.junit.Assert.assertThat(Assert.java:956)
	at org.junit.Assert.assertThat(Assert.java:923)
	at ADAT_Application.ADAT.ADAT_CreatePin(ADAT.java:86)
	at sun.reflect.NativeMethodAccessorImpl.invoke0(Native Method)
	at sun.reflect.NativeMethodAccessorImpl.invoke(Unknown Source)
	at sun.reflect.DelegatingMethodAccessorImpl.invoke(Unknown Source)
	at java.lang.reflect.Method.invoke(Unknown Source)
	at org.testng.internal.MethodInvocationHelper.invokeMethod(MethodInvocationHelper.java:124)
	at org.testng.internal.Invoker.invokeMethod(Invoker.java:580)
	at org.testng.internal.Invoker.invokeTestMethod(Invoker.java:716)
	at org.testng.internal.TestMethodWithDataProviderMethodWorker.call(TestMethodWithDataProviderMethodWorker.java:71)
	at org.testng.internal.TestMethodWithDataProviderMethodWorker.call(TestMethodWithDataProviderMethodWorker.java:14)
	at java.util.concurrent.FutureTask.run(Unknown Source)
	at java.util.concurrent.Executors$RunnableAdapter.call(Unknown Source)
	at java.util.concurrent.FutureTask.run(Unknown Source)
	at java.util.concurrent.ThreadPoolExecutor.runWorker(Unknown Source)
	at java.util.concurrent.ThreadPoolExecutor$Worker.run(Unknown Source)
	at java.lang.Thread.run(Unknown Source)
</pre></div></td>
<td>2</td>
<td>ADAT_Application.ADAT@36f0f1be</td></tr>
<tr>
<td title='ADAT_Application.ADAT.ADAT_CreatePin()'><b>ADAT_CreatePin</b><br>Test class: ADAT_Application.ADAT<br>Parameters: 6, Data_Structures.ADAT_Data@4f700759, FDM-POSTCARD-PIN</td>
<td><div><pre>java.lang.AssertionError: 
Expected: a string containing &quot;FDM-POSTCARD-PIN&quot;
     but: was &quot;com.sun.xml.internal.messaging.saaj.SOAPExceptionImpl: Message send failed&quot;
	at org.hamcrest.MatcherAssert.assertThat(MatcherAssert.java:20)
	at org.junit.Assert.assertThat(Assert.java:956)
	at org.junit.Assert.assertThat(Assert.java:923)
	at ADAT_Application.ADAT.ADAT_CreatePin(ADAT.java:86)
	at java.util.concurrent.FutureTask.run(Unknown Source)
	at java.util.concurrent.Executors$RunnableAdapter.call(Unknown Source)
	at java.util.concurrent.FutureTask.run(Unknown Source)
	at java.util.concurrent.ThreadPoolExecutor.runWorker(Unknown Source)
	at java.util.concurrent.ThreadPoolExecutor$Worker.run(Unknown Source)
	at java.lang.Thread.run(Unknown Source)
... Removed 9 stack frames</pre></div><a href='#' onClick='toggleBox("stack-trace303541046", this, "Click to show all stack frames", "Click to hide stack frames")'>Click to show all stack frames</a>
<div class='stack-trace' id='stack-trace303541046'><pre>java.lang.AssertionError: 
Expected: a string containing &quot;FDM-POSTCARD-PIN&quot;
     but: was &quot;com.sun.xml.internal.messaging.saaj.SOAPExceptionImpl: Message send failed&quot;
	at org.hamcrest.MatcherAssert.assertThat(MatcherAssert.java:20)
	at org.junit.Assert.assertThat(Assert.java:956)
	at org.junit.Assert.assertThat(Assert.java:923)
	at ADAT_Application.ADAT.ADAT_CreatePin(ADAT.java:86)
	at sun.reflect.NativeMethodAccessorImpl.invoke0(Native Method)
	at sun.reflect.NativeMethodAccessorImpl.invoke(Unknown Source)
	at sun.reflect.DelegatingMethodAccessorImpl.invoke(Unknown Source)
	at java.lang.reflect.Method.invoke(Unknown Source)
	at org.testng.internal.MethodInvocationHelper.invokeMethod(MethodInvocationHelper.java:124)
	at org.testng.internal.Invoker.invokeMethod(Invoker.java:580)
	at org.testng.internal.Invoker.invokeTestMethod(Invoker.java:716)
	at org.testng.internal.TestMethodWithDataProviderMethodWorker.call(TestMethodWithDataProviderMethodWorker.java:71)
	at org.testng.internal.TestMethodWithDataProviderMethodWorker.call(TestMethodWithDataProviderMethodWorker.java:14)
	at java.util.concurrent.FutureTask.run(Unknown Source)
	at java.util.concurrent.Executors$RunnableAdapter.call(Unknown Source)
	at java.util.concurrent.FutureTask.run(Unknown Source)
	at java.util.concurrent.ThreadPoolExecutor.runWorker(Unknown Source)
	at java.util.concurrent.ThreadPoolExecutor$Worker.run(Unknown Source)
	at java.lang.Thread.run(Unknown Source)
</pre></div></td>
<td>2</td>
<td>ADAT_Application.ADAT@36f0f1be</td></tr>
<tr>
<td title='ADAT_Application.ADAT.ADAT_CreateUser()'><b>ADAT_CreateUser</b><br>Test class: ADAT_Application.ADAT<br>Parameters: 6, Data_Structures.ADAT_Data@4f700759, FDM-POSTCARD-PIN</td>
<td><div><pre>java.lang.AssertionError: 
Expected: a string containing &quot;udsTransactionID&quot;
     but: was &quot;com.sun.xml.internal.messaging.saaj.SOAPExceptionImpl: Message send failed&quot;
	at org.hamcrest.MatcherAssert.assertThat(MatcherAssert.java:20)
	at org.junit.Assert.assertThat(Assert.java:956)
	at org.junit.Assert.assertThat(Assert.java:923)
	at ADAT_Application.ADAT.ADAT_CreateUser(ADAT.java:70)
	at java.util.concurrent.FutureTask.run(Unknown Source)
	at java.util.concurrent.Executors$RunnableAdapter.call(Unknown Source)
	at java.util.concurrent.FutureTask.run(Unknown Source)
	at java.util.concurrent.ThreadPoolExecutor.runWorker(Unknown Source)
	at java.util.concurrent.ThreadPoolExecutor$Worker.run(Unknown Source)
	at java.lang.Thread.run(Unknown Source)
... Removed 9 stack frames</pre></div><a href='#' onClick='toggleBox("stack-trace1249619", this, "Click to show all stack frames", "Click to hide stack frames")'>Click to show all stack frames</a>
<div class='stack-trace' id='stack-trace1249619'><pre>java.lang.AssertionError: 
Expected: a string containing &quot;udsTransactionID&quot;
     but: was &quot;com.sun.xml.internal.messaging.saaj.SOAPExceptionImpl: Message send failed&quot;
	at org.hamcrest.MatcherAssert.assertThat(MatcherAssert.java:20)
	at org.junit.Assert.assertThat(Assert.java:956)
	at org.junit.Assert.assertThat(Assert.java:923)
	at ADAT_Application.ADAT.ADAT_CreateUser(ADAT.java:70)
	at sun.reflect.NativeMethodAccessorImpl.invoke0(Native Method)
	at sun.reflect.NativeMethodAccessorImpl.invoke(Unknown Source)
	at sun.reflect.DelegatingMethodAccessorImpl.invoke(Unknown Source)
	at java.lang.reflect.Method.invoke(Unknown Source)
	at org.testng.internal.MethodInvocationHelper.invokeMethod(MethodInvocationHelper.java:124)
	at org.testng.internal.Invoker.invokeMethod(Invoker.java:580)
	at org.testng.internal.Invoker.invokeTestMethod(Invoker.java:716)
	at org.testng.internal.TestMethodWithDataProviderMethodWorker.call(TestMethodWithDataProviderMethodWorker.java:71)
	at org.testng.internal.TestMethodWithDataProviderMethodWorker.call(TestMethodWithDataProviderMethodWorker.java:14)
	at java.util.concurrent.FutureTask.run(Unknown Source)
	at java.util.concurrent.Executors$RunnableAdapter.call(Unknown Source)
	at java.util.concurrent.FutureTask.run(Unknown Source)
	at java.util.concurrent.ThreadPoolExecutor.runWorker(Unknown Source)
	at java.util.concurrent.ThreadPoolExecutor$Worker.run(Unknown Source)
	at java.lang.Thread.run(Unknown Source)
</pre></div></td>
<td>1</td>
<td>ADAT_Application.ADAT@36f0f1be</td></tr>
<tr>
<td title='ADAT_Application.ADAT.ADAT_CreateUser()'><b>ADAT_CreateUser</b><br>Test class: ADAT_Application.ADAT<br>Parameters: 6, Data_Structures.ADAT_Data@4f700759, FDM-PHONE-PIN</td>
<td><div><pre>java.lang.AssertionError: 
Expected: a string containing &quot;udsTransactionID&quot;
     but: was &quot;com.sun.xml.internal.messaging.saaj.SOAPExceptionImpl: Message send failed&quot;
	at org.hamcrest.MatcherAssert.assertThat(MatcherAssert.java:20)
	at org.junit.Assert.assertThat(Assert.java:956)
	at org.junit.Assert.assertThat(Assert.java:923)
	at ADAT_Application.ADAT.ADAT_CreateUser(ADAT.java:70)
	at java.util.concurrent.FutureTask.run(Unknown Source)
	at java.util.concurrent.Executors$RunnableAdapter.call(Unknown Source)
	at java.util.concurrent.FutureTask.run(Unknown Source)
	at java.util.concurrent.ThreadPoolExecutor.runWorker(Unknown Source)
	at java.util.concurrent.ThreadPoolExecutor$Worker.run(Unknown Source)
	at java.lang.Thread.run(Unknown Source)
... Removed 9 stack frames</pre></div><a href='#' onClick='toggleBox("stack-trace1060977372", this, "Click to show all stack frames", "Click to hide stack frames")'>Click to show all stack frames</a>
<div class='stack-trace' id='stack-trace1060977372'><pre>java.lang.AssertionError: 
Expected: a string containing &quot;udsTransactionID&quot;
     but: was &quot;com.sun.xml.internal.messaging.saaj.SOAPExceptionImpl: Message send failed&quot;
	at org.hamcrest.MatcherAssert.assertThat(MatcherAssert.java:20)
	at org.junit.Assert.assertThat(Assert.java:956)
	at org.junit.Assert.assertThat(Assert.java:923)
	at ADAT_Application.ADAT.ADAT_CreateUser(ADAT.java:70)
	at sun.reflect.NativeMethodAccessorImpl.invoke0(Native Method)
	at sun.reflect.NativeMethodAccessorImpl.invoke(Unknown Source)
	at sun.reflect.DelegatingMethodAccessorImpl.invoke(Unknown Source)
	at java.lang.reflect.Method.invoke(Unknown Source)
	at org.testng.internal.MethodInvocationHelper.invokeMethod(MethodInvocationHelper.java:124)
	at org.testng.internal.Invoker.invokeMethod(Invoker.java:580)
	at org.testng.internal.Invoker.invokeTestMethod(Invoker.java:716)
	at org.testng.internal.TestMethodWithDataProviderMethodWorker.call(TestMethodWithDataProviderMethodWorker.java:71)
	at org.testng.internal.TestMethodWithDataProviderMethodWorker.call(TestMethodWithDataProviderMethodWorker.java:14)
	at java.util.concurrent.FutureTask.run(Unknown Source)
	at java.util.concurrent.Executors$RunnableAdapter.call(Unknown Source)
	at java.util.concurrent.FutureTask.run(Unknown Source)
	at java.util.concurrent.ThreadPoolExecutor.runWorker(Unknown Source)
	at java.util.concurrent.ThreadPoolExecutor$Worker.run(Unknown Source)
	at java.lang.Thread.run(Unknown Source)
</pre></div></td>
<td>1</td>
<td>ADAT_Application.ADAT@36f0f1be</td></tr>
<tr>
<td title='ADAT_Application.ADAT.ADAT_PhoneVelocity()'><b>ADAT_PhoneVelocity</b><br>Test class: ADAT_Application.ADAT<br>Parameters: 6, Data_Structures.ADAT_Data@4f700759, FDM-PHONE-PIN</td>
<td><div><pre>java.lang.AssertionError: 
Expected: a string containing &quot;&lt;rf11:advice&gt;&quot;
     but: was &quot;com.sun.xml.internal.messaging.saaj.SOAPExceptionImpl: Message send failed&quot;
	at org.hamcrest.MatcherAssert.assertThat(MatcherAssert.java:20)
	at org.junit.Assert.assertThat(Assert.java:956)
	at org.junit.Assert.assertThat(Assert.java:923)
	at ADAT_Application.ADAT_Endpoints.ADAT_EvaluateRisk(ADAT_Endpoints.java:187)
	at ADAT_Application.ADAT_Endpoints.VelocityCheck(ADAT_Endpoints.java:24)
	at ADAT_Application.ADAT.ADAT_PhoneVelocity(ADAT.java:113)
	at java.util.concurrent.FutureTask.run(Unknown Source)
	at java.util.concurrent.Executors$RunnableAdapter.call(Unknown Source)
	at java.util.concurrent.FutureTask.run(Unknown Source)
	at java.util.concurrent.ThreadPoolExecutor.runWorker(Unknown Source)
	at java.util.concurrent.ThreadPoolExecutor$Worker.run(Unknown Source)
	at java.lang.Thread.run(Unknown Source)
... Removed 9 stack frames</pre></div><a href='#' onClick='toggleBox("stack-trace450905276", this, "Click to show all stack frames", "Click to hide stack frames")'>Click to show all stack frames</a>
<div class='stack-trace' id='stack-trace450905276'><pre>java.lang.AssertionError: 
Expected: a string containing &quot;&lt;rf11:advice&gt;&quot;
     but: was &quot;com.sun.xml.internal.messaging.saaj.SOAPExceptionImpl: Message send failed&quot;
	at org.hamcrest.MatcherAssert.assertThat(MatcherAssert.java:20)
	at org.junit.Assert.assertThat(Assert.java:956)
	at org.junit.Assert.assertThat(Assert.java:923)
	at ADAT_Application.ADAT_Endpoints.ADAT_EvaluateRisk(ADAT_Endpoints.java:187)
	at ADAT_Application.ADAT_Endpoints.VelocityCheck(ADAT_Endpoints.java:24)
	at ADAT_Application.ADAT.ADAT_PhoneVelocity(ADAT.java:113)
	at sun.reflect.NativeMethodAccessorImpl.invoke0(Native Method)
	at sun.reflect.NativeMethodAccessorImpl.invoke(Unknown Source)
	at sun.reflect.DelegatingMethodAccessorImpl.invoke(Unknown Source)
	at java.lang.reflect.Method.invoke(Unknown Source)
	at org.testng.internal.MethodInvocationHelper.invokeMethod(MethodInvocationHelper.java:124)
	at org.testng.internal.Invoker.invokeMethod(Invoker.java:580)
	at org.testng.internal.Invoker.invokeTestMethod(Invoker.java:716)
	at org.testng.internal.TestMethodWithDataProviderMethodWorker.call(TestMethodWithDataProviderMethodWorker.java:71)
	at org.testng.internal.TestMethodWithDataProviderMethodWorker.call(TestMethodWithDataProviderMethodWorker.java:14)
	at java.util.concurrent.FutureTask.run(Unknown Source)
	at java.util.concurrent.Executors$RunnableAdapter.call(Unknown Source)
	at java.util.concurrent.FutureTask.run(Unknown Source)
	at java.util.concurrent.ThreadPoolExecutor.runWorker(Unknown Source)
	at java.util.concurrent.ThreadPoolExecutor$Worker.run(Unknown Source)
	at java.lang.Thread.run(Unknown Source)
</pre></div></td>
<td>1</td>
<td>ADAT_Application.ADAT@36f0f1be</td></tr>
<tr>
<td title='ADAT_Application.ADAT.ADAT_PhoneVelocity()'><b>ADAT_PhoneVelocity</b><br>Test class: ADAT_Application.ADAT<br>Parameters: 6, Data_Structures.ADAT_Data@4f700759, FDM-POSTCARD-PIN</td>
<td><div><pre>java.lang.AssertionError: 
Expected: a string containing &quot;&lt;rf11:advice&gt;&quot;
     but: was &quot;com.sun.xml.internal.messaging.saaj.SOAPExceptionImpl: Message send failed&quot;
	at org.hamcrest.MatcherAssert.assertThat(MatcherAssert.java:20)
	at org.junit.Assert.assertThat(Assert.java:956)
	at org.junit.Assert.assertThat(Assert.java:923)
	at ADAT_Application.ADAT_Endpoints.ADAT_EvaluateRisk(ADAT_Endpoints.java:187)
	at ADAT_Application.ADAT_Endpoints.VelocityCheck(ADAT_Endpoints.java:24)
	at ADAT_Application.ADAT.ADAT_PhoneVelocity(ADAT.java:113)
	at java.util.concurrent.FutureTask.run(Unknown Source)
	at java.util.concurrent.Executors$RunnableAdapter.call(Unknown Source)
	at java.util.concurrent.FutureTask.run(Unknown Source)
	at java.util.concurrent.ThreadPoolExecutor.runWorker(Unknown Source)
	at java.util.concurrent.ThreadPoolExecutor$Worker.run(Unknown Source)
	at java.lang.Thread.run(Unknown Source)
... Removed 9 stack frames</pre></div><a href='#' onClick='toggleBox("stack-trace1670100373", this, "Click to show all stack frames", "Click to hide stack frames")'>Click to show all stack frames</a>
<div class='stack-trace' id='stack-trace1670100373'><pre>java.lang.AssertionError: 
Expected: a string containing &quot;&lt;rf11:advice&gt;&quot;
     but: was &quot;com.sun.xml.internal.messaging.saaj.SOAPExceptionImpl: Message send failed&quot;
	at org.hamcrest.MatcherAssert.assertThat(MatcherAssert.java:20)
	at org.junit.Assert.assertThat(Assert.java:956)
	at org.junit.Assert.assertThat(Assert.java:923)
	at ADAT_Application.ADAT_Endpoints.ADAT_EvaluateRisk(ADAT_Endpoints.java:187)
	at ADAT_Application.ADAT_Endpoints.VelocityCheck(ADAT_Endpoints.java:24)
	at ADAT_Application.ADAT.ADAT_PhoneVelocity(ADAT.java:113)
	at sun.reflect.NativeMethodAccessorImpl.invoke0(Native Method)
	at sun.reflect.NativeMethodAccessorImpl.invoke(Unknown Source)
	at sun.reflect.DelegatingMethodAccessorImpl.invoke(Unknown Source)
	at java.lang.reflect.Method.invoke(Unknown Source)
	at org.testng.internal.MethodInvocationHelper.invokeMethod(MethodInvocationHelper.java:124)
	at org.testng.internal.Invoker.invokeMethod(Invoker.java:580)
	at org.testng.internal.Invoker.invokeTestMethod(Invoker.java:716)
	at org.testng.internal.TestMethodWithDataProviderMethodWorker.call(TestMethodWithDataProviderMethodWorker.java:71)
	at org.testng.internal.TestMethodWithDataProviderMethodWorker.call(TestMethodWithDataProviderMethodWorker.java:14)
	at java.util.concurrent.FutureTask.run(Unknown Source)
	at java.util.concurrent.Executors$RunnableAdapter.call(Unknown Source)
	at java.util.concurrent.FutureTask.run(Unknown Source)
	at java.util.concurrent.ThreadPoolExecutor.runWorker(Unknown Source)
	at java.util.concurrent.ThreadPoolExecutor$Worker.run(Unknown Source)
	at java.lang.Thread.run(Unknown Source)
</pre></div></td>
<td>1</td>
<td>ADAT_Application.ADAT@36f0f1be</td></tr>
<tr>
<td title='ADAT_Application.ADAT.ADAT_PostcardVelocity()'><b>ADAT_PostcardVelocity</b><br>Test class: ADAT_Application.ADAT<br>Parameters: 6, Data_Structures.ADAT_Data@4f700759, FDM-POSTCARD-PIN</td>
<td><div><pre>java.lang.AssertionError: 
Expected: a string containing &quot;&lt;rf11:advice&gt;&quot;
     but: was &quot;com.sun.xml.internal.messaging.saaj.SOAPExceptionImpl: Message send failed&quot;
	at org.hamcrest.MatcherAssert.assertThat(MatcherAssert.java:20)
	at org.junit.Assert.assertThat(Assert.java:956)
	at org.junit.Assert.assertThat(Assert.java:923)
	at ADAT_Application.ADAT_Endpoints.ADAT_EvaluateRisk(ADAT_Endpoints.java:187)
	at ADAT_Application.ADAT_Endpoints.VelocityCheck(ADAT_Endpoints.java:24)
	at ADAT_Application.ADAT.ADAT_PostcardVelocity(ADAT.java:104)
	at java.util.concurrent.FutureTask.run(Unknown Source)
	at java.util.concurrent.Executors$RunnableAdapter.call(Unknown Source)
	at java.util.concurrent.FutureTask.run(Unknown Source)
	at java.util.concurrent.ThreadPoolExecutor.runWorker(Unknown Source)
	at java.util.concurrent.ThreadPoolExecutor$Worker.run(Unknown Source)
	at java.lang.Thread.run(Unknown Source)
... Removed 9 stack frames</pre></div><a href='#' onClick='toggleBox("stack-trace649337641", this, "Click to show all stack frames", "Click to hide stack frames")'>Click to show all stack frames</a>
<div class='stack-trace' id='stack-trace649337641'><pre>java.lang.AssertionError: 
Expected: a string containing &quot;&lt;rf11:advice&gt;&quot;
     but: was &quot;com.sun.xml.internal.messaging.saaj.SOAPExceptionImpl: Message send failed&quot;
	at org.hamcrest.MatcherAssert.assertThat(MatcherAssert.java:20)
	at org.junit.Assert.assertThat(Assert.java:956)
	at org.junit.Assert.assertThat(Assert.java:923)
	at ADAT_Application.ADAT_Endpoints.ADAT_EvaluateRisk(ADAT_Endpoints.java:187)
	at ADAT_Application.ADAT_Endpoints.VelocityCheck(ADAT_Endpoints.java:24)
	at ADAT_Application.ADAT.ADAT_PostcardVelocity(ADAT.java:104)
	at sun.reflect.NativeMethodAccessorImpl.invoke0(Native Method)
	at sun.reflect.NativeMethodAccessorImpl.invoke(Unknown Source)
	at sun.reflect.DelegatingMethodAccessorImpl.invoke(Unknown Source)
	at java.lang.reflect.Method.invoke(Unknown Source)
	at org.testng.internal.MethodInvocationHelper.invokeMethod(MethodInvocationHelper.java:124)
	at org.testng.internal.Invoker.invokeMethod(Invoker.java:580)
	at org.testng.internal.Invoker.invokeTestMethod(Invoker.java:716)
	at org.testng.internal.TestMethodWithDataProviderMethodWorker.call(TestMethodWithDataProviderMethodWorker.java:71)
	at org.testng.internal.TestMethodWithDataProviderMethodWorker.call(TestMethodWithDataProviderMethodWorker.java:14)
	at java.util.concurrent.FutureTask.run(Unknown Source)
	at java.util.concurrent.Executors$RunnableAdapter.call(Unknown Source)
	at java.util.concurrent.FutureTask.run(Unknown Source)
	at java.util.concurrent.ThreadPoolExecutor.runWorker(Unknown Source)
	at java.util.concurrent.ThreadPoolExecutor$Worker.run(Unknown Source)
	at java.lang.Thread.run(Unknown Source)
</pre></div></td>
<td>1</td>
<td>ADAT_Application.ADAT@36f0f1be</td></tr>
<tr>
<td title='ADAT_Application.ADAT.ADAT_PostcardVelocity()'><b>ADAT_PostcardVelocity</b><br>Test class: ADAT_Application.ADAT<br>Parameters: 6, Data_Structures.ADAT_Data@4f700759, FDM-PHONE-PIN</td>
<td><div><pre>java.lang.AssertionError: 
Expected: a string containing &quot;&lt;rf11:advice&gt;&quot;
     but: was &quot;com.sun.xml.internal.messaging.saaj.SOAPExceptionImpl: Message send failed&quot;
	at org.hamcrest.MatcherAssert.assertThat(MatcherAssert.java:20)
	at org.junit.Assert.assertThat(Assert.java:956)
	at org.junit.Assert.assertThat(Assert.java:923)
	at ADAT_Application.ADAT_Endpoints.ADAT_EvaluateRisk(ADAT_Endpoints.java:187)
	at ADAT_Application.ADAT_Endpoints.VelocityCheck(ADAT_Endpoints.java:24)
	at ADAT_Application.ADAT.ADAT_PostcardVelocity(ADAT.java:104)
	at java.util.concurrent.FutureTask.run(Unknown Source)
	at java.util.concurrent.Executors$RunnableAdapter.call(Unknown Source)
	at java.util.concurrent.FutureTask.run(Unknown Source)
	at java.util.concurrent.ThreadPoolExecutor.runWorker(Unknown Source)
	at java.util.concurrent.ThreadPoolExecutor$Worker.run(Unknown Source)
	at java.lang.Thread.run(Unknown Source)
... Removed 9 stack frames</pre></div><a href='#' onClick='toggleBox("stack-trace1375094817", this, "Click to show all stack frames", "Click to hide stack frames")'>Click to show all stack frames</a>
<div class='stack-trace' id='stack-trace1375094817'><pre>java.lang.AssertionError: 
Expected: a string containing &quot;&lt;rf11:advice&gt;&quot;
     but: was &quot;com.sun.xml.internal.messaging.saaj.SOAPExceptionImpl: Message send failed&quot;
	at org.hamcrest.MatcherAssert.assertThat(MatcherAssert.java:20)
	at org.junit.Assert.assertThat(Assert.java:956)
	at org.junit.Assert.assertThat(Assert.java:923)
	at ADAT_Application.ADAT_Endpoints.ADAT_EvaluateRisk(ADAT_Endpoints.java:187)
	at ADAT_Application.ADAT_Endpoints.VelocityCheck(ADAT_Endpoints.java:24)
	at ADAT_Application.ADAT.ADAT_PostcardVelocity(ADAT.java:104)
	at sun.reflect.NativeMethodAccessorImpl.invoke0(Native Method)
	at sun.reflect.NativeMethodAccessorImpl.invoke(Unknown Source)
	at sun.reflect.DelegatingMethodAccessorImpl.invoke(Unknown Source)
	at java.lang.reflect.Method.invoke(Unknown Source)
	at org.testng.internal.MethodInvocationHelper.invokeMethod(MethodInvocationHelper.java:124)
	at org.testng.internal.Invoker.invokeMethod(Invoker.java:580)
	at org.testng.internal.Invoker.invokeTestMethod(Invoker.java:716)
	at org.testng.internal.TestMethodWithDataProviderMethodWorker.call(TestMethodWithDataProviderMethodWorker.java:71)
	at org.testng.internal.TestMethodWithDataProviderMethodWorker.call(TestMethodWithDataProviderMethodWorker.java:14)
	at java.util.concurrent.FutureTask.run(Unknown Source)
	at java.util.concurrent.Executors$RunnableAdapter.call(Unknown Source)
	at java.util.concurrent.FutureTask.run(Unknown Source)
	at java.util.concurrent.ThreadPoolExecutor.runWorker(Unknown Source)
	at java.util.concurrent.ThreadPoolExecutor$Worker.run(Unknown Source)
	at java.lang.Thread.run(Unknown Source)
</pre></div></td>
<td>1</td>
<td>ADAT_Application.ADAT@36f0f1be</td></tr>
<tr>
<td title='ADAT_Application.ADAT.ADAT_VerifyPin()'><b>ADAT_VerifyPin</b><br>Test class: ADAT_Application.ADAT<br>Parameters: 6, Data_Structures.ADAT_Data@4f700759, FDM-PHONE-PIN</td>
<td><div><pre>java.lang.NullPointerException
	at com.sun.xml.internal.messaging.saaj.soap.impl.ElementImpl.addTextNode(Unknown Source)
	at ADAT_Application.ADAT_Endpoints.ADAT_VerifyPin(ADAT_Endpoints.java:148)
	at ADAT_Application.ADAT.ADAT_VerifyPin(ADAT.java:128)
	at java.util.concurrent.FutureTask.run(Unknown Source)
	at java.util.concurrent.Executors$RunnableAdapter.call(Unknown Source)
	at java.util.concurrent.FutureTask.run(Unknown Source)
	at java.util.concurrent.ThreadPoolExecutor.runWorker(Unknown Source)
	at java.util.concurrent.ThreadPoolExecutor$Worker.run(Unknown Source)
	at java.lang.Thread.run(Unknown Source)
... Removed 9 stack frames</pre></div><a href='#' onClick='toggleBox("stack-trace2088913362", this, "Click to show all stack frames", "Click to hide stack frames")'>Click to show all stack frames</a>
<div class='stack-trace' id='stack-trace2088913362'><pre>java.lang.NullPointerException
	at com.sun.xml.internal.messaging.saaj.soap.impl.ElementImpl.addTextNode(Unknown Source)
	at ADAT_Application.ADAT_Endpoints.ADAT_VerifyPin(ADAT_Endpoints.java:148)
	at ADAT_Application.ADAT.ADAT_VerifyPin(ADAT.java:128)
	at sun.reflect.NativeMethodAccessorImpl.invoke0(Native Method)
	at sun.reflect.NativeMethodAccessorImpl.invoke(Unknown Source)
	at sun.reflect.DelegatingMethodAccessorImpl.invoke(Unknown Source)
	at java.lang.reflect.Method.invoke(Unknown Source)
	at org.testng.internal.MethodInvocationHelper.invokeMethod(MethodInvocationHelper.java:124)
	at org.testng.internal.Invoker.invokeMethod(Invoker.java:580)
	at org.testng.internal.Invoker.invokeTestMethod(Invoker.java:716)
	at org.testng.internal.TestMethodWithDataProviderMethodWorker.call(TestMethodWithDataProviderMethodWorker.java:71)
	at org.testng.internal.TestMethodWithDataProviderMethodWorker.call(TestMethodWithDataProviderMethodWorker.java:14)
	at java.util.concurrent.FutureTask.run(Unknown Source)
	at java.util.concurrent.Executors$RunnableAdapter.call(Unknown Source)
	at java.util.concurrent.FutureTask.run(Unknown Source)
	at java.util.concurrent.ThreadPoolExecutor.runWorker(Unknown Source)
	at java.util.concurrent.ThreadPoolExecutor$Worker.run(Unknown Source)
	at java.lang.Thread.run(Unknown Source)
</pre></div></td>
<td>2</td>
<td>ADAT_Application.ADAT@36f0f1be</td></tr>
<tr>
<td title='ADAT_Application.ADAT.ADAT_VerifyPin()'><b>ADAT_VerifyPin</b><br>Test class: ADAT_Application.ADAT<br>Parameters: 6, Data_Structures.ADAT_Data@4f700759, FDM-POSTCARD-PIN</td>
<td><div><pre>java.lang.NullPointerException
	at com.sun.xml.internal.messaging.saaj.soap.impl.ElementImpl.addTextNode(Unknown Source)
	at ADAT_Application.ADAT_Endpoints.ADAT_VerifyPin(ADAT_Endpoints.java:148)
	at ADAT_Application.ADAT.ADAT_VerifyPin(ADAT.java:128)
	at java.util.concurrent.FutureTask.run(Unknown Source)
	at java.util.concurrent.Executors$RunnableAdapter.call(Unknown Source)
	at java.util.concurrent.FutureTask.run(Unknown Source)
	at java.util.concurrent.ThreadPoolExecutor.runWorker(Unknown Source)
	at java.util.concurrent.ThreadPoolExecutor$Worker.run(Unknown Source)
	at java.lang.Thread.run(Unknown Source)
... Removed 9 stack frames</pre></div><a href='#' onClick='toggleBox("stack-trace661151267", this, "Click to show all stack frames", "Click to hide stack frames")'>Click to show all stack frames</a>
<div class='stack-trace' id='stack-trace661151267'><pre>java.lang.NullPointerException
	at com.sun.xml.internal.messaging.saaj.soap.impl.ElementImpl.addTextNode(Unknown Source)
	at ADAT_Application.ADAT_Endpoints.ADAT_VerifyPin(ADAT_Endpoints.java:148)
	at ADAT_Application.ADAT.ADAT_VerifyPin(ADAT.java:128)
	at sun.reflect.NativeMethodAccessorImpl.invoke0(Native Method)
	at sun.reflect.NativeMethodAccessorImpl.invoke(Unknown Source)
	at sun.reflect.DelegatingMethodAccessorImpl.invoke(Unknown Source)
	at java.lang.reflect.Method.invoke(Unknown Source)
	at org.testng.internal.MethodInvocationHelper.invokeMethod(MethodInvocationHelper.java:124)
	at org.testng.internal.Invoker.invokeMethod(Invoker.java:580)
	at org.testng.internal.Invoker.invokeTestMethod(Invoker.java:716)
	at org.testng.internal.TestMethodWithDataProviderMethodWorker.call(TestMethodWithDataProviderMethodWorker.java:71)
	at org.testng.internal.TestMethodWithDataProviderMethodWorker.call(TestMethodWithDataProviderMethodWorker.java:14)
	at java.util.concurrent.FutureTask.run(Unknown Source)
	at java.util.concurrent.Executors$RunnableAdapter.call(Unknown Source)
	at java.util.concurrent.FutureTask.run(Unknown Source)
	at java.util.concurrent.ThreadPoolExecutor.runWorker(Unknown Source)
	at java.util.concurrent.ThreadPoolExecutor$Worker.run(Unknown Source)
	at java.lang.Thread.run(Unknown Source)
</pre></div></td>
<td>2</td>
<td>ADAT_Application.ADAT@36f0f1be</td></tr>
<tr>
<td title='ADAT_Application.ADAT.ADAT_VerifyPin_Invalid()'><b>ADAT_VerifyPin_Invalid</b><br>Test class: ADAT_Application.ADAT<br>Parameters: 6, Data_Structures.ADAT_Data@4f700759, FDM-PHONE-PIN</td>
<td><div><pre>java.lang.AssertionError: 
Expected: a string containing &quot;The provided authentication credentials are not correct.&quot;
     but: was &quot;com.sun.xml.internal.messaging.saaj.SOAPExceptionImpl: Message send failed&quot;
	at org.hamcrest.MatcherAssert.assertThat(MatcherAssert.java:20)
	at org.junit.Assert.assertThat(Assert.java:956)
	at org.junit.Assert.assertThat(Assert.java:923)
	at ADAT_Application.ADAT.ADAT_VerifyPin_Invalid(ADAT.java:151)
	at java.util.concurrent.FutureTask.run(Unknown Source)
	at java.util.concurrent.Executors$RunnableAdapter.call(Unknown Source)
	at java.util.concurrent.FutureTask.run(Unknown Source)
	at java.util.concurrent.ThreadPoolExecutor.runWorker(Unknown Source)
	at java.util.concurrent.ThreadPoolExecutor$Worker.run(Unknown Source)
	at java.lang.Thread.run(Unknown Source)
... Removed 9 stack frames</pre></div><a href='#' onClick='toggleBox("stack-trace1625565951", this, "Click to show all stack frames", "Click to hide stack frames")'>Click to show all stack frames</a>
<div class='stack-trace' id='stack-trace1625565951'><pre>java.lang.AssertionError: 
Expected: a string containing &quot;The provided authentication credentials are not correct.&quot;
     but: was &quot;com.sun.xml.internal.messaging.saaj.SOAPExceptionImpl: Message send failed&quot;
	at org.hamcrest.MatcherAssert.assertThat(MatcherAssert.java:20)
	at org.junit.Assert.assertThat(Assert.java:956)
	at org.junit.Assert.assertThat(Assert.java:923)
	at ADAT_Application.ADAT.ADAT_VerifyPin_Invalid(ADAT.java:151)
	at sun.reflect.NativeMethodAccessorImpl.invoke0(Native Method)
	at sun.reflect.NativeMethodAccessorImpl.invoke(Unknown Source)
	at sun.reflect.DelegatingMethodAccessorImpl.invoke(Unknown Source)
	at java.lang.reflect.Method.invoke(Unknown Source)
	at org.testng.internal.MethodInvocationHelper.invokeMethod(MethodInvocationHelper.java:124)
	at org.testng.internal.Invoker.invokeMethod(Invoker.java:580)
	at org.testng.internal.Invoker.invokeTestMethod(Invoker.java:716)
	at org.testng.internal.TestMethodWithDataProviderMethodWorker.call(TestMethodWithDataProviderMethodWorker.java:71)
	at org.testng.internal.TestMethodWithDataProviderMethodWorker.call(TestMethodWithDataProviderMethodWorker.java:14)
	at java.util.concurrent.FutureTask.run(Unknown Source)
	at java.util.concurrent.Executors$RunnableAdapter.call(Unknown Source)
	at java.util.concurrent.FutureTask.run(Unknown Source)
	at java.util.concurrent.ThreadPoolExecutor.runWorker(Unknown Source)
	at java.util.concurrent.ThreadPoolExecutor$Worker.run(Unknown Source)
	at java.lang.Thread.run(Unknown Source)
</pre></div></td>
<td>3</td>
<td>ADAT_Application.ADAT@36f0f1be</td></tr>
<tr>
<td title='ADAT_Application.ADAT.ADAT_VerifyPin_Invalid()'><b>ADAT_VerifyPin_Invalid</b><br>Test class: ADAT_Application.ADAT<br>Parameters: 6, Data_Structures.ADAT_Data@4f700759, FDM-POSTCARD-PIN</td>
<td><div><pre>java.lang.AssertionError: 
Expected: a string containing &quot;The provided authentication credentials are not correct.&quot;
     but: was &quot;com.sun.xml.internal.messaging.saaj.SOAPExceptionImpl: Message send failed&quot;
	at org.hamcrest.MatcherAssert.assertThat(MatcherAssert.java:20)
	at org.junit.Assert.assertThat(Assert.java:956)
	at org.junit.Assert.assertThat(Assert.java:923)
	at ADAT_Application.ADAT.ADAT_VerifyPin_Invalid(ADAT.java:151)
	at java.util.concurrent.FutureTask.run(Unknown Source)
	at java.util.concurrent.Executors$RunnableAdapter.call(Unknown Source)
	at java.util.concurrent.FutureTask.run(Unknown Source)
	at java.util.concurrent.ThreadPoolExecutor.runWorker(Unknown Source)
	at java.util.concurrent.ThreadPoolExecutor$Worker.run(Unknown Source)
	at java.lang.Thread.run(Unknown Source)
... Removed 9 stack frames</pre></div><a href='#' onClick='toggleBox("stack-trace944573333", this, "Click to show all stack frames", "Click to hide stack frames")'>Click to show all stack frames</a>
<div class='stack-trace' id='stack-trace944573333'><pre>java.lang.AssertionError: 
Expected: a string containing &quot;The provided authentication credentials are not correct.&quot;
     but: was &quot;com.sun.xml.internal.messaging.saaj.SOAPExceptionImpl: Message send failed&quot;
	at org.hamcrest.MatcherAssert.assertThat(MatcherAssert.java:20)
	at org.junit.Assert.assertThat(Assert.java:956)
	at org.junit.Assert.assertThat(Assert.java:923)
	at ADAT_Application.ADAT.ADAT_VerifyPin_Invalid(ADAT.java:151)
	at sun.reflect.NativeMethodAccessorImpl.invoke0(Native Method)
	at sun.reflect.NativeMethodAccessorImpl.invoke(Unknown Source)
	at sun.reflect.DelegatingMethodAccessorImpl.invoke(Unknown Source)
	at java.lang.reflect.Method.invoke(Unknown Source)
	at org.testng.internal.MethodInvocationHelper.invokeMethod(MethodInvocationHelper.java:124)
	at org.testng.internal.Invoker.invokeMethod(Invoker.java:580)
	at org.testng.internal.Invoker.invokeTestMethod(Invoker.java:716)
	at org.testng.internal.TestMethodWithDataProviderMethodWorker.call(TestMethodWithDataProviderMethodWorker.java:71)
	at org.testng.internal.TestMethodWithDataProviderMethodWorker.call(TestMethodWithDataProviderMethodWorker.java:14)
	at java.util.concurrent.FutureTask.run(Unknown Source)
	at java.util.concurrent.Executors$RunnableAdapter.call(Unknown Source)
	at java.util.concurrent.FutureTask.run(Unknown Source)
	at java.util.concurrent.ThreadPoolExecutor.runWorker(Unknown Source)
	at java.util.concurrent.ThreadPoolExecutor$Worker.run(Unknown Source)
	at java.lang.Thread.run(Unknown Source)
</pre></div></td>
<td>3</td>
<td>ADAT_Application.ADAT@36f0f1be</td></tr>
</table><p>
<table width='100%' border='1' class='invocation-skipped'>
<tr><td colspan='4' align='center'><b>SKIPPED TESTS</b></td></tr>
<tr><td><b>Test method</b></td>
<td width="30%"><b>Exception</b></td>
<td width="10%"><b>Time (seconds)</b></td>
<td><b>Instance</b></td>
</tr>
<tr>
<td title='SupportClasses.Environment.SetEvironmentLevel()'><b>SetEvironmentLevel</b><br>Test class: SupportClasses.Environment<br>Parameters: 6</td>
<td><div><pre>org.testng.SkipException: Forcing skip, will be deleted from report later
	at SupportClasses.Environment.SetEvironmentLevel(Environment.java:69)
	at java.util.concurrent.ThreadPoolExecutor.runWorker(Unknown Source)
	at java.util.concurrent.ThreadPoolExecutor$Worker.run(Unknown Source)
	at java.lang.Thread.run(Unknown Source)
... Removed 10 stack frames</pre></div><a href='#' onClick='toggleBox("stack-trace459972352", this, "Click to show all stack frames", "Click to hide stack frames")'>Click to show all stack frames</a>
<div class='stack-trace' id='stack-trace459972352'><pre>org.testng.SkipException: Forcing skip, will be deleted from report later
	at SupportClasses.Environment.SetEvironmentLevel(Environment.java:69)
	at sun.reflect.NativeMethodAccessorImpl.invoke0(Native Method)
	at sun.reflect.NativeMethodAccessorImpl.invoke(Unknown Source)
	at sun.reflect.DelegatingMethodAccessorImpl.invoke(Unknown Source)
	at java.lang.reflect.Method.invoke(Unknown Source)
	at org.testng.internal.MethodInvocationHelper.invokeMethod(MethodInvocationHelper.java:124)
	at org.testng.internal.Invoker.invokeMethod(Invoker.java:580)
	at org.testng.internal.Invoker.invokeTestMethod(Invoker.java:716)
	at org.testng.internal.Invoker.invokeTestMethods(Invoker.java:988)
	at org.testng.internal.TestMethodWorker.invokeTestMethods(TestMethodWorker.java:125)
	at org.testng.internal.TestMethodWorker.run(TestMethodWorker.java:109)
	at java.util.concurrent.ThreadPoolExecutor.runWorker(Unknown Source)
	at java.util.concurrent.ThreadPoolExecutor$Worker.run(Unknown Source)
	at java.lang.Thread.run(Unknown Source)
</pre></div></td>
<td>0</td>
<td>SupportClasses.Environment@667a738</td></tr>
</table><p>
</body>
</html>