<html>
<head>
<title>TestNG:  USRC_Test</title>
<link href="../testng.css" rel="stylesheet" type="text/css" />
<link href="../my-testng.css" rel="stylesheet" type="text/css" />

<style type="text/css">
.log { display: none;} 
.stack-trace { display: none;} 
</style>
<script type="text/javascript">
<!--
function flip(e) {
  current = e.style.display;
  if (current == 'block') {
    e.style.display = 'none';
    return 0;
  }
  else {
    e.style.display = 'block';
    return 1;
  }
}

function toggleBox(szDivId, elem, msg1, msg2)
{
  var res = -1;  if (document.getElementById) {
    res = flip(document.getElementById(szDivId));
  }
  else if (document.all) {
    // this is the way old msie versions work
    res = flip(document.all[szDivId]);
  }
  if(elem) {
    if(res == 0) elem.innerHTML = msg1; else elem.innerHTML = msg2;
  }

}

function toggleAllBoxes() {
  if (document.getElementsByTagName) {
    d = document.getElementsByTagName('div');
    for (i = 0; i < d.length; i++) {
      if (d[i].className == 'log') {
        flip(d[i]);
      }
    }
  }
}

// -->
</script>

</head>
<body>
<h2 align='center'>USRC_Test</h2><table border='1' align="center">
<tr>
<td>Tests passed/Failed/Skipped:</td><td>10/4/0</td>
</tr><tr>
<td>Started on:</td><td>Fri Jun 28 13:43:05 CDT 2019</td>
</tr>
<tr><td>Total time:</td><td>65 seconds (65030 ms)</td>
</tr><tr>
<td>Included groups:</td><td></td>
</tr><tr>
<td>Excluded groups:</td><td></td>
</tr>
</table><p/>
<small><i>(Hover the method name to see the test class name)</i></small><p/>
<table width='100%' border='1' class='invocation-failed'>
<tr><td colspan='4' align='center'><b>FAILED TESTS</b></td></tr>
<tr><td><b>Test method</b></td>
<td width="30%"><b>Exception</b></td>
<td width="10%"><b>Time (seconds)</b></td>
<td><b>Instance</b></td>
</tr>
<tr>
<td title='USRC_Application.USRC_FDM.EndtoEndEnrollment_EmailaAsUserId()'><b>EndtoEndEnrollment_EmailaAsUserId</b><br>Test class: USRC_Application.USRC_FDM<br>Test method: 380527<br>Parameters: 3, Data_Structures.USRC_Data@61f9d2d6, POSTAL, Data_Structures.MFAC_Data@65c64a31, FDM-POSTCARD-PIN, Testlatcqdfefo^d@accept.com, Test1234, [Ljava.lang.String;@1622f1b</td>
<td><div><pre>java.lang.AssertionError: 
Expected: a string containing &quot;successful\&quot;:true&quot;
     but: was &quot;{&quot;successful&quot;:false,&quot;errorList&quot;:[{&quot;code&quot;:&quot;UNKNOWN_ERROR_CODE&quot;,&quot;message&quot;:&quot;code 500, message Failed to execute SendEmailEvent.\n ERROR MESSAGE:\nPxEnvironmentException:Error sending email\n ProcessStep::Unknown TabName: null ERRORLEVEL::Fatal&quot;,&quot;contextList&quot;:[&quot;SENDER&quot;],&quot;source&quot;:&quot;WIDM&quot;}]}&quot;
	at org.hamcrest.MatcherAssert.assertThat(MatcherAssert.java:20)
	at org.junit.Assert.assertThat(Assert.java:956)
	at org.junit.Assert.assertThat(Assert.java:923)
	at USRC_Application.USRC_FDM.EndtoEndEnrollment_EmailaAsUserId(USRC_FDM.java:153)
	at java.util.concurrent.FutureTask.run(Unknown Source)
	at java.util.concurrent.Executors$RunnableAdapter.call(Unknown Source)
	at java.util.concurrent.FutureTask.run(Unknown Source)
	at java.util.concurrent.ThreadPoolExecutor.runWorker(Unknown Source)
	at java.util.concurrent.ThreadPoolExecutor$Worker.run(Unknown Source)
	at java.lang.Thread.run(Unknown Source)
... Removed 9 stack frames</pre></div><a href='#' onClick='toggleBox("stack-trace482411725", this, "Click to show all stack frames", "Click to hide stack frames")'>Click to show all stack frames</a>
<div class='stack-trace' id='stack-trace482411725'><pre>java.lang.AssertionError: 
Expected: a string containing &quot;successful\&quot;:true&quot;
     but: was &quot;{&quot;successful&quot;:false,&quot;errorList&quot;:[{&quot;code&quot;:&quot;UNKNOWN_ERROR_CODE&quot;,&quot;message&quot;:&quot;code 500, message Failed to execute SendEmailEvent.\n ERROR MESSAGE:\nPxEnvironmentException:Error sending email\n ProcessStep::Unknown TabName: null ERRORLEVEL::Fatal&quot;,&quot;contextList&quot;:[&quot;SENDER&quot;],&quot;source&quot;:&quot;WIDM&quot;}]}&quot;
	at org.hamcrest.MatcherAssert.assertThat(MatcherAssert.java:20)
	at org.junit.Assert.assertThat(Assert.java:956)
	at org.junit.Assert.assertThat(Assert.java:923)
	at USRC_Application.USRC_FDM.EndtoEndEnrollment_EmailaAsUserId(USRC_FDM.java:153)
	at sun.reflect.NativeMethodAccessorImpl.invoke0(Native Method)
	at sun.reflect.NativeMethodAccessorImpl.invoke(Unknown Source)
	at sun.reflect.DelegatingMethodAccessorImpl.invoke(Unknown Source)
	at java.lang.reflect.Method.invoke(Unknown Source)
	at org.testng.internal.MethodInvocationHelper.invokeMethod(MethodInvocationHelper.java:124)
	at org.testng.internal.Invoker.invokeMethod(Invoker.java:580)
	at org.testng.internal.Invoker.invokeTestMethod(Invoker.java:716)
	at org.testng.internal.TestMethodWithDataProviderMethodWorker.call(TestMethodWithDataProviderMethodWorker.java:71)
	at org.testng.internal.TestMethodWithDataProviderMethodWorker.call(TestMethodWithDataProviderMethodWorker.java:14)
	at java.util.concurrent.FutureTask.run(Unknown Source)
	at java.util.concurrent.Executors$RunnableAdapter.call(Unknown Source)
	at java.util.concurrent.FutureTask.run(Unknown Source)
	at java.util.concurrent.ThreadPoolExecutor.runWorker(Unknown Source)
	at java.util.concurrent.ThreadPoolExecutor$Worker.run(Unknown Source)
	at java.lang.Thread.run(Unknown Source)
</pre></div></td>
<td>40</td>
<td>USRC_Application.USRC_FDM@667a738</td></tr>
<tr>
<td title='USRC_Application.USRC_FDM.EndtoEndEnrollment_EmailaAsUserId()'><b>EndtoEndEnrollment_EmailaAsUserId</b><br>Test class: USRC_Application.USRC_FDM<br>Test method: 380527<br>Parameters: 3, Data_Structures.USRC_Data@61f9d2d6, POSTAL, Data_Structures.MFAC_Data@65c64a31, FDM-POSTCARD-PIN, Testcrqpbmguoo'd@accept.com, Test1234, [Ljava.lang.String;@70e8f8e</td>
<td><div><pre>java.lang.AssertionError: 
Expected: a string containing &quot;successful\&quot;:true&quot;
     but: was &quot;{&quot;successful&quot;:false,&quot;errorList&quot;:[{&quot;code&quot;:&quot;USERID_SPECIAL_CHAR&quot;,&quot;message&quot;:&quot;We were unable to process your request. Please try again.&quot;,&quot;contextList&quot;:[&quot;SENDER&quot;],&quot;source&quot;:&quot;WERL&quot;}]}&quot;
	at org.hamcrest.MatcherAssert.assertThat(MatcherAssert.java:20)
	at org.junit.Assert.assertThat(Assert.java:956)
	at org.junit.Assert.assertThat(Assert.java:923)
	at USRC_Application.USRC_FDM.EndtoEndEnrollment_EmailaAsUserId(USRC_FDM.java:153)
	at java.util.concurrent.FutureTask.run(Unknown Source)
	at java.util.concurrent.Executors$RunnableAdapter.call(Unknown Source)
	at java.util.concurrent.FutureTask.run(Unknown Source)
	at java.util.concurrent.ThreadPoolExecutor.runWorker(Unknown Source)
	at java.util.concurrent.ThreadPoolExecutor$Worker.run(Unknown Source)
	at java.lang.Thread.run(Unknown Source)
... Removed 9 stack frames</pre></div><a href='#' onClick='toggleBox("stack-trace503070647", this, "Click to show all stack frames", "Click to hide stack frames")'>Click to show all stack frames</a>
<div class='stack-trace' id='stack-trace503070647'><pre>java.lang.AssertionError: 
Expected: a string containing &quot;successful\&quot;:true&quot;
     but: was &quot;{&quot;successful&quot;:false,&quot;errorList&quot;:[{&quot;code&quot;:&quot;USERID_SPECIAL_CHAR&quot;,&quot;message&quot;:&quot;We were unable to process your request. Please try again.&quot;,&quot;contextList&quot;:[&quot;SENDER&quot;],&quot;source&quot;:&quot;WERL&quot;}]}&quot;
	at org.hamcrest.MatcherAssert.assertThat(MatcherAssert.java:20)
	at org.junit.Assert.assertThat(Assert.java:956)
	at org.junit.Assert.assertThat(Assert.java:923)
	at USRC_Application.USRC_FDM.EndtoEndEnrollment_EmailaAsUserId(USRC_FDM.java:153)
	at sun.reflect.NativeMethodAccessorImpl.invoke0(Native Method)
	at sun.reflect.NativeMethodAccessorImpl.invoke(Unknown Source)
	at sun.reflect.DelegatingMethodAccessorImpl.invoke(Unknown Source)
	at java.lang.reflect.Method.invoke(Unknown Source)
	at org.testng.internal.MethodInvocationHelper.invokeMethod(MethodInvocationHelper.java:124)
	at org.testng.internal.Invoker.invokeMethod(Invoker.java:580)
	at org.testng.internal.Invoker.invokeTestMethod(Invoker.java:716)
	at org.testng.internal.TestMethodWithDataProviderMethodWorker.call(TestMethodWithDataProviderMethodWorker.java:71)
	at org.testng.internal.TestMethodWithDataProviderMethodWorker.call(TestMethodWithDataProviderMethodWorker.java:14)
	at java.util.concurrent.FutureTask.run(Unknown Source)
	at java.util.concurrent.Executors$RunnableAdapter.call(Unknown Source)
	at java.util.concurrent.FutureTask.run(Unknown Source)
	at java.util.concurrent.ThreadPoolExecutor.runWorker(Unknown Source)
	at java.util.concurrent.ThreadPoolExecutor$Worker.run(Unknown Source)
	at java.lang.Thread.run(Unknown Source)
</pre></div></td>
<td>40</td>
<td>USRC_Application.USRC_FDM@667a738</td></tr>
<tr>
<td title='USRC_Application.USRC_FDM.EndtoEndEnrollment_EmailaAsUserId()'><b>EndtoEndEnrollment_EmailaAsUserId</b><br>Test class: USRC_Application.USRC_FDM<br>Test method: 380527<br>Parameters: 3, Data_Structures.USRC_Data@61f9d2d6, POSTAL, Data_Structures.MFAC_Data@65c64a31, FDM-POSTCARD-PIN, Testhkhgktjtlv(d@accept.com, Test1234, [Ljava.lang.String;@17046283</td>
<td><div><pre>java.lang.AssertionError: 
Expected: a string containing &quot;successful\&quot;:true&quot;
     but: was &quot;{&quot;successful&quot;:false,&quot;errorList&quot;:[{&quot;code&quot;:&quot;UNKNOWN_ERROR_CODE&quot;,&quot;message&quot;:&quot;code 500, message Failed to execute SendEmailEvent.\n ERROR MESSAGE:\nPxEnvironmentException:Error sending email\n ProcessStep::Unknown TabName: null ERRORLEVEL::Fatal&quot;,&quot;contextList&quot;:[&quot;SENDER&quot;],&quot;source&quot;:&quot;WIDM&quot;}]}&quot;
	at org.hamcrest.MatcherAssert.assertThat(MatcherAssert.java:20)
	at org.junit.Assert.assertThat(Assert.java:956)
	at org.junit.Assert.assertThat(Assert.java:923)
	at USRC_Application.USRC_FDM.EndtoEndEnrollment_EmailaAsUserId(USRC_FDM.java:153)
	at java.util.concurrent.FutureTask.run(Unknown Source)
	at java.util.concurrent.Executors$RunnableAdapter.call(Unknown Source)
	at java.util.concurrent.FutureTask.run(Unknown Source)
	at java.util.concurrent.ThreadPoolExecutor.runWorker(Unknown Source)
	at java.util.concurrent.ThreadPoolExecutor$Worker.run(Unknown Source)
	at java.lang.Thread.run(Unknown Source)
... Removed 9 stack frames</pre></div><a href='#' onClick='toggleBox("stack-trace1242047843", this, "Click to show all stack frames", "Click to hide stack frames")'>Click to show all stack frames</a>
<div class='stack-trace' id='stack-trace1242047843'><pre>java.lang.AssertionError: 
Expected: a string containing &quot;successful\&quot;:true&quot;
     but: was &quot;{&quot;successful&quot;:false,&quot;errorList&quot;:[{&quot;code&quot;:&quot;UNKNOWN_ERROR_CODE&quot;,&quot;message&quot;:&quot;code 500, message Failed to execute SendEmailEvent.\n ERROR MESSAGE:\nPxEnvironmentException:Error sending email\n ProcessStep::Unknown TabName: null ERRORLEVEL::Fatal&quot;,&quot;contextList&quot;:[&quot;SENDER&quot;],&quot;source&quot;:&quot;WIDM&quot;}]}&quot;
	at org.hamcrest.MatcherAssert.assertThat(MatcherAssert.java:20)
	at org.junit.Assert.assertThat(Assert.java:956)
	at org.junit.Assert.assertThat(Assert.java:923)
	at USRC_Application.USRC_FDM.EndtoEndEnrollment_EmailaAsUserId(USRC_FDM.java:153)
	at sun.reflect.NativeMethodAccessorImpl.invoke0(Native Method)
	at sun.reflect.NativeMethodAccessorImpl.invoke(Unknown Source)
	at sun.reflect.DelegatingMethodAccessorImpl.invoke(Unknown Source)
	at java.lang.reflect.Method.invoke(Unknown Source)
	at org.testng.internal.MethodInvocationHelper.invokeMethod(MethodInvocationHelper.java:124)
	at org.testng.internal.Invoker.invokeMethod(Invoker.java:580)
	at org.testng.internal.Invoker.invokeTestMethod(Invoker.java:716)
	at org.testng.internal.TestMethodWithDataProviderMethodWorker.call(TestMethodWithDataProviderMethodWorker.java:71)
	at org.testng.internal.TestMethodWithDataProviderMethodWorker.call(TestMethodWithDataProviderMethodWorker.java:14)
	at java.util.concurrent.FutureTask.run(Unknown Source)
	at java.util.concurrent.Executors$RunnableAdapter.call(Unknown Source)
	at java.util.concurrent.FutureTask.run(Unknown Source)
	at java.util.concurrent.ThreadPoolExecutor.runWorker(Unknown Source)
	at java.util.concurrent.ThreadPoolExecutor$Worker.run(Unknown Source)
	at java.lang.Thread.run(Unknown Source)
</pre></div></td>
<td>42</td>
<td>USRC_Application.USRC_FDM@667a738</td></tr>
<tr>
<td title='USRC_Application.USRC_FDM.EndtoEndEnrollment_EmailaAsUserId()'><b>EndtoEndEnrollment_EmailaAsUserId</b><br>Test class: USRC_Application.USRC_FDM<br>Test method: 380527<br>Parameters: 3, Data_Structures.USRC_Data@61f9d2d6, POSTAL, Data_Structures.MFAC_Data@65c64a31, FDM-POSTCARD-PIN, Testwwelipjrcb)d@accept.com, Test1234, [Ljava.lang.String;@5bd03f44</td>
<td><div><pre>java.lang.AssertionError: 
Expected: a string containing &quot;successful\&quot;:true&quot;
     but: was &quot;{&quot;successful&quot;:false,&quot;errorList&quot;:[{&quot;code&quot;:&quot;UNKNOWN_ERROR_CODE&quot;,&quot;message&quot;:&quot;code 500, message Failed to execute SendEmailEvent.\n ERROR MESSAGE:\nPxEnvironmentException:Error sending email\n ProcessStep::Unknown TabName: null ERRORLEVEL::Fatal&quot;,&quot;contextList&quot;:[&quot;SENDER&quot;],&quot;source&quot;:&quot;WIDM&quot;}]}&quot;
	at org.hamcrest.MatcherAssert.assertThat(MatcherAssert.java:20)
	at org.junit.Assert.assertThat(Assert.java:956)
	at org.junit.Assert.assertThat(Assert.java:923)
	at USRC_Application.USRC_FDM.EndtoEndEnrollment_EmailaAsUserId(USRC_FDM.java:153)
	at java.util.concurrent.FutureTask.run(Unknown Source)
	at java.util.concurrent.Executors$RunnableAdapter.call(Unknown Source)
	at java.util.concurrent.FutureTask.run(Unknown Source)
	at java.util.concurrent.ThreadPoolExecutor.runWorker(Unknown Source)
	at java.util.concurrent.ThreadPoolExecutor$Worker.run(Unknown Source)
	at java.lang.Thread.run(Unknown Source)
... Removed 9 stack frames</pre></div><a href='#' onClick='toggleBox("stack-trace506253852", this, "Click to show all stack frames", "Click to hide stack frames")'>Click to show all stack frames</a>
<div class='stack-trace' id='stack-trace506253852'><pre>java.lang.AssertionError: 
Expected: a string containing &quot;successful\&quot;:true&quot;
     but: was &quot;{&quot;successful&quot;:false,&quot;errorList&quot;:[{&quot;code&quot;:&quot;UNKNOWN_ERROR_CODE&quot;,&quot;message&quot;:&quot;code 500, message Failed to execute SendEmailEvent.\n ERROR MESSAGE:\nPxEnvironmentException:Error sending email\n ProcessStep::Unknown TabName: null ERRORLEVEL::Fatal&quot;,&quot;contextList&quot;:[&quot;SENDER&quot;],&quot;source&quot;:&quot;WIDM&quot;}]}&quot;
	at org.hamcrest.MatcherAssert.assertThat(MatcherAssert.java:20)
	at org.junit.Assert.assertThat(Assert.java:956)
	at org.junit.Assert.assertThat(Assert.java:923)
	at USRC_Application.USRC_FDM.EndtoEndEnrollment_EmailaAsUserId(USRC_FDM.java:153)
	at sun.reflect.NativeMethodAccessorImpl.invoke0(Native Method)
	at sun.reflect.NativeMethodAccessorImpl.invoke(Unknown Source)
	at sun.reflect.DelegatingMethodAccessorImpl.invoke(Unknown Source)
	at java.lang.reflect.Method.invoke(Unknown Source)
	at org.testng.internal.MethodInvocationHelper.invokeMethod(MethodInvocationHelper.java:124)
	at org.testng.internal.Invoker.invokeMethod(Invoker.java:580)
	at org.testng.internal.Invoker.invokeTestMethod(Invoker.java:716)
	at org.testng.internal.TestMethodWithDataProviderMethodWorker.call(TestMethodWithDataProviderMethodWorker.java:71)
	at org.testng.internal.TestMethodWithDataProviderMethodWorker.call(TestMethodWithDataProviderMethodWorker.java:14)
	at java.util.concurrent.FutureTask.run(Unknown Source)
	at java.util.concurrent.Executors$RunnableAdapter.call(Unknown Source)
	at java.util.concurrent.FutureTask.run(Unknown Source)
	at java.util.concurrent.ThreadPoolExecutor.runWorker(Unknown Source)
	at java.util.concurrent.ThreadPoolExecutor$Worker.run(Unknown Source)
	at java.lang.Thread.run(Unknown Source)
</pre></div></td>
<td>41</td>
<td>USRC_Application.USRC_FDM@667a738</td></tr>
</table><p>
<table width='100%' border='1' class='invocation-passed'>
<tr><td colspan='4' align='center'><b>PASSED TESTS</b></td></tr>
<tr><td><b>Test method</b></td>
<td width="30%"><b>Exception</b></td>
<td width="10%"><b>Time (seconds)</b></td>
<td><b>Instance</b></td>
</tr>
<tr>
<td title='USRC_Application.USRC_FDM.EndtoEndEnrollment_EmailaAsUserId()'><b>EndtoEndEnrollment_EmailaAsUserId</b><br>Test class: USRC_Application.USRC_FDM<br>Test method: 380527<br>Parameters: 3, Data_Structures.USRC_Data@61f9d2d6, POSTAL, Data_Structures.MFAC_Data@65c64a31, FDM-POSTCARD-PIN, Testtslwwtmdta-d@accept.com, Test1234, [Ljava.lang.String;@29626d54</td>
<td></td>
<td>6</td>
<td>USRC_Application.USRC_FDM@667a738</td></tr>
<tr>
<td title='USRC_Application.USRC_FDM.EndtoEndEnrollment_EmailaAsUserId()'><b>EndtoEndEnrollment_EmailaAsUserId</b><br>Test class: USRC_Application.USRC_FDM<br>Test method: 380527<br>Parameters: 3, Data_Structures.USRC_Data@61f9d2d6, POSTAL, Data_Structures.MFAC_Data@65c64a31, FDM-POSTCARD-PIN, Testbusxraroet=d@accept.com, Test1234, [Ljava.lang.String;@5a63f509</td>
<td></td>
<td>11</td>
<td>USRC_Application.USRC_FDM@667a738</td></tr>
<tr>
<td title='USRC_Application.USRC_FDM.EndtoEndEnrollment_EmailaAsUserId()'><b>EndtoEndEnrollment_EmailaAsUserId</b><br>Test class: USRC_Application.USRC_FDM<br>Test method: 380527<br>Parameters: 3, Data_Structures.USRC_Data@61f9d2d6, POSTAL, Data_Structures.MFAC_Data@65c64a31, FDM-POSTCARD-PIN, Testbwlsururvg+d@accept.com, Test1234, [Ljava.lang.String;@6e4784bc</td>
<td></td>
<td>16</td>
<td>USRC_Application.USRC_FDM@667a738</td></tr>
<tr>
<td title='USRC_Application.USRC_FDM.EndtoEndEnrollment_EmailaAsUserId()'><b>EndtoEndEnrollment_EmailaAsUserId</b><br>Test class: USRC_Application.USRC_FDM<br>Test method: 380527<br>Parameters: 3, Data_Structures.USRC_Data@61f9d2d6, POSTAL, Data_Structures.MFAC_Data@65c64a31, FDM-POSTCARD-PIN, Testvlmjoxxbep_d@accept.com, Test1234, [Ljava.lang.String;@34b7ac2f</td>
<td></td>
<td>21</td>
<td>USRC_Application.USRC_FDM@667a738</td></tr>
<tr>
<td title='USRC_Application.USRC_FDM.EndtoEndEnrollment_EmailaAsUserId()'><b>EndtoEndEnrollment_EmailaAsUserId</b><br>Test class: USRC_Application.USRC_FDM<br>Test method: 380527<br>Parameters: 3, Data_Structures.USRC_Data@61f9d2d6, POSTAL, Data_Structures.MFAC_Data@65c64a31, FDM-POSTCARD-PIN, Testemxijwlcas.d@accept.com, Test1234, [Ljava.lang.String;@e056f20</td>
<td></td>
<td>26</td>
<td>USRC_Application.USRC_FDM@667a738</td></tr>
<tr>
<td title='USRC_Application.USRC_FDM.EndtoEndEnrollment_EmailaAsUserId()'><b>EndtoEndEnrollment_EmailaAsUserId</b><br>Test class: USRC_Application.USRC_FDM<br>Test method: 380527<br>Parameters: 3, Data_Structures.USRC_Data@61f9d2d6, POSTAL, Data_Structures.MFAC_Data@65c64a31, FDM-POSTCARD-PIN, Testchfaasfppi/d@accept.com, Test1234, [Ljava.lang.String;@4b0b0854</td>
<td></td>
<td>31</td>
<td>USRC_Application.USRC_FDM@667a738</td></tr>
<tr>
<td title='USRC_Application.USRC_FDM.EndtoEndEnrollment_EmailaAsUserId()'><b>EndtoEndEnrollment_EmailaAsUserId</b><br>Test class: USRC_Application.USRC_FDM<br>Test method: 380527<br>Parameters: 3, Data_Structures.USRC_Data@61f9d2d6, POSTAL, Data_Structures.MFAC_Data@65c64a31, FDM-POSTCARD-PIN, Testpcurlqutyt?d@accept.com, Test1234, [Ljava.lang.String;@19bb07ed</td>
<td></td>
<td>36</td>
<td>USRC_Application.USRC_FDM@667a738</td></tr>
<tr>
<td title='USRC_Application.USRC_FDM.EndtoEndEnrollment_EmailaAsUserId()'><b>EndtoEndEnrollment_EmailaAsUserId</b><br>Test class: USRC_Application.USRC_FDM<br>Test method: 380527<br>Parameters: 3, Data_Structures.USRC_Data@61f9d2d6, POSTAL, Data_Structures.MFAC_Data@65c64a31, FDM-POSTCARD-PIN, Testwunbdtgcff&d@accept.com, Test1234, [Ljava.lang.String;@10e41621</td>
<td></td>
<td>45</td>
<td>USRC_Application.USRC_FDM@667a738</td></tr>
<tr>
<td title='USRC_Application.USRC_FDM.EndtoEndEnrollment_EmailaAsUserId()'><b>EndtoEndEnrollment_EmailaAsUserId</b><br>Test class: USRC_Application.USRC_FDM<br>Test method: 380527<br>Parameters: 3, Data_Structures.USRC_Data@61f9d2d6, POSTAL, Data_Structures.MFAC_Data@65c64a31, FDM-POSTCARD-PIN, Testhdmyrkeoxq{d@accept.com, Test1234, [Ljava.lang.String;@353d0772</td>
<td></td>
<td>42</td>
<td>USRC_Application.USRC_FDM@667a738</td></tr>
<tr>
<td title='USRC_Application.USRC_FDM.EndtoEndEnrollment_EmailaAsUserId()'><b>EndtoEndEnrollment_EmailaAsUserId</b><br>Test class: USRC_Application.USRC_FDM<br>Test method: 380527<br>Parameters: 3, Data_Structures.USRC_Data@61f9d2d6, POSTAL, Data_Structures.MFAC_Data@65c64a31, FDM-POSTCARD-PIN, Testftynhchcko}d@accept.com, Test1234, [Ljava.lang.String;@2667f029</td>
<td></td>
<td>43</td>
<td>USRC_Application.USRC_FDM@667a738</td></tr>
</table><p>
<table width='100%' border='1' class='invocation-skipped'>
<tr><td colspan='4' align='center'><b>SKIPPED TESTS</b></td></tr>
<tr><td><b>Test method</b></td>
<td width="30%"><b>Exception</b></td>
<td width="10%"><b>Time (seconds)</b></td>
<td><b>Instance</b></td>
</tr>
<tr>
<td title='SupportClasses.Environment.SetEvironmentLevel()'><b>SetEvironmentLevel</b><br>Test class: SupportClasses.Environment<br>Parameters: 3</td>
<td><div><pre>org.testng.SkipException: Forcing skip, will be deleted from report later
	at SupportClasses.Environment.SetEvironmentLevel(Environment.java:69)
	at java.util.concurrent.ThreadPoolExecutor.runWorker(Unknown Source)
	at java.util.concurrent.ThreadPoolExecutor$Worker.run(Unknown Source)
	at java.lang.Thread.run(Unknown Source)
... Removed 10 stack frames</pre></div><a href='#' onClick='toggleBox("stack-trace602198621", this, "Click to show all stack frames", "Click to hide stack frames")'>Click to show all stack frames</a>
<div class='stack-trace' id='stack-trace602198621'><pre>org.testng.SkipException: Forcing skip, will be deleted from report later
	at SupportClasses.Environment.SetEvironmentLevel(Environment.java:69)
	at sun.reflect.NativeMethodAccessorImpl.invoke0(Native Method)
	at sun.reflect.NativeMethodAccessorImpl.invoke(Unknown Source)
	at sun.reflect.DelegatingMethodAccessorImpl.invoke(Unknown Source)
	at java.lang.reflect.Method.invoke(Unknown Source)
	at org.testng.internal.MethodInvocationHelper.invokeMethod(MethodInvocationHelper.java:124)
	at org.testng.internal.Invoker.invokeMethod(Invoker.java:580)
	at org.testng.internal.Invoker.invokeTestMethod(Invoker.java:716)
	at org.testng.internal.Invoker.invokeTestMethods(Invoker.java:988)
	at org.testng.internal.TestMethodWorker.invokeTestMethods(TestMethodWorker.java:125)
	at org.testng.internal.TestMethodWorker.run(TestMethodWorker.java:109)
	at java.util.concurrent.ThreadPoolExecutor.runWorker(Unknown Source)
	at java.util.concurrent.ThreadPoolExecutor$Worker.run(Unknown Source)
	at java.lang.Thread.run(Unknown Source)
</pre></div></td>
<td>0</td>
<td>SupportClasses.Environment@57d5872c</td></tr>
</table><p>
</body>
</html>