<?xml version="1.0" encoding="UTF-8"?>
<!-- Generated by org.testng.reporters.JUnitReportReporter -->
<testsuite skipped="0" hostname="WTC-5159473-l2" name="ATRK_Application.pi_12" tests="6" failures="0" timestamp="21 Jun 2019 21:55:42 GMT" time="0.044" errors="6">
  <testcase name="ATRK_AVERT_1228244" time="0.003" classname="ATRK_Application.pi_12">
    <error type="java.lang.Error" message="Unresolved compilation problem: 
	The method ChangeURL(String, String, String, boolean) in the type WebDriver_Functions is not applicable for the arguments (String, String, boolean)
">
      <![CDATA[java.lang.Error: Unresolved compilation problem: 
The method ChangeURL(String, String, String, boolean) in the type WebDriver_Functions is not applicable for the arguments (String, String, boolean)

at ATRK_Application.pi_12.ATRK_AVERT_1228244(pi_12.java:64)
at sun.reflect.NativeMethodAccessorImpl.invoke0(Native Method)
at sun.reflect.NativeMethodAccessorImpl.invoke(Unknown Source)
at sun.reflect.DelegatingMethodAccessorImpl.invoke(Unknown Source)
at java.lang.reflect.Method.invoke(Unknown Source)
at org.testng.internal.MethodInvocationHelper.invokeMethod(MethodInvocationHelper.java:124)
at org.testng.internal.Invoker.invokeMethod(Invoker.java:580)
at org.testng.internal.Invoker.invokeTestMethod(Invoker.java:716)
at org.testng.internal.TestMethodWithDataProviderMethodWorker.call(TestMethodWithDataProviderMethodWorker.java:71)
at org.testng.internal.TestMethodWithDataProviderMethodWorker.call(TestMethodWithDataProviderMethodWorker.java:14)
at java.util.concurrent.FutureTask.run(Unknown Source)
at java.util.concurrent.Executors$RunnableAdapter.call(Unknown Source)
at java.util.concurrent.FutureTask.run(Unknown Source)
at java.util.concurrent.ThreadPoolExecutor.runWorker(Unknown Source)
at java.util.concurrent.ThreadPoolExecutor$Worker.run(Unknown Source)
at java.lang.Thread.run(Unknown Source)
]]>
    </error>
  </testcase> <!-- ATRK_AVERT_1228244 -->
  <testcase name="ATRK_AVERT_1228244" time="0.006" classname="ATRK_Application.pi_12">
    <error type="java.lang.Error" message="Unresolved compilation problem: 
	The method ChangeURL(String, String, String, boolean) in the type WebDriver_Functions is not applicable for the arguments (String, String, boolean)
">
      <![CDATA[java.lang.Error: Unresolved compilation problem: 
The method ChangeURL(String, String, String, boolean) in the type WebDriver_Functions is not applicable for the arguments (String, String, boolean)

at ATRK_Application.pi_12.ATRK_AVERT_1228244(pi_12.java:64)
at sun.reflect.NativeMethodAccessorImpl.invoke0(Native Method)
at sun.reflect.NativeMethodAccessorImpl.invoke(Unknown Source)
at sun.reflect.DelegatingMethodAccessorImpl.invoke(Unknown Source)
at java.lang.reflect.Method.invoke(Unknown Source)
at org.testng.internal.MethodInvocationHelper.invokeMethod(MethodInvocationHelper.java:124)
at org.testng.internal.Invoker.invokeMethod(Invoker.java:580)
at org.testng.internal.Invoker.invokeTestMethod(Invoker.java:716)
at org.testng.internal.TestMethodWithDataProviderMethodWorker.call(TestMethodWithDataProviderMethodWorker.java:71)
at org.testng.internal.TestMethodWithDataProviderMethodWorker.call(TestMethodWithDataProviderMethodWorker.java:14)
at java.util.concurrent.FutureTask.run(Unknown Source)
at java.util.concurrent.Executors$RunnableAdapter.call(Unknown Source)
at java.util.concurrent.FutureTask.run(Unknown Source)
at java.util.concurrent.ThreadPoolExecutor.runWorker(Unknown Source)
at java.util.concurrent.ThreadPoolExecutor$Worker.run(Unknown Source)
at java.lang.Thread.run(Unknown Source)
]]>
    </error>
  </testcase> <!-- ATRK_AVERT_1228244 -->
  <testcase name="ATRK_AVERT_1228244" time="0.012" classname="ATRK_Application.pi_12">
    <error type="java.lang.Error" message="Unresolved compilation problem: 
	The method ChangeURL(String, String, String, boolean) in the type WebDriver_Functions is not applicable for the arguments (String, String, boolean)
">
      <![CDATA[java.lang.Error: Unresolved compilation problem: 
The method ChangeURL(String, String, String, boolean) in the type WebDriver_Functions is not applicable for the arguments (String, String, boolean)

at ATRK_Application.pi_12.ATRK_AVERT_1228244(pi_12.java:64)
at sun.reflect.NativeMethodAccessorImpl.invoke0(Native Method)
at sun.reflect.NativeMethodAccessorImpl.invoke(Unknown Source)
at sun.reflect.DelegatingMethodAccessorImpl.invoke(Unknown Source)
at java.lang.reflect.Method.invoke(Unknown Source)
at org.testng.internal.MethodInvocationHelper.invokeMethod(MethodInvocationHelper.java:124)
at org.testng.internal.Invoker.invokeMethod(Invoker.java:580)
at org.testng.internal.Invoker.invokeTestMethod(Invoker.java:716)
at org.testng.internal.TestMethodWithDataProviderMethodWorker.call(TestMethodWithDataProviderMethodWorker.java:71)
at org.testng.internal.TestMethodWithDataProviderMethodWorker.call(TestMethodWithDataProviderMethodWorker.java:14)
at java.util.concurrent.FutureTask.run(Unknown Source)
at java.util.concurrent.Executors$RunnableAdapter.call(Unknown Source)
at java.util.concurrent.FutureTask.run(Unknown Source)
at java.util.concurrent.ThreadPoolExecutor.runWorker(Unknown Source)
at java.util.concurrent.ThreadPoolExecutor$Worker.run(Unknown Source)
at java.lang.Thread.run(Unknown Source)
]]>
    </error>
  </testcase> <!-- ATRK_AVERT_1228244 -->
  <testcase name="ATRK_AVERT_1228244" time="0.008" classname="ATRK_Application.pi_12">
    <error type="java.lang.Error" message="Unresolved compilation problem: 
	The method ChangeURL(String, String, String, boolean) in the type WebDriver_Functions is not applicable for the arguments (String, String, boolean)
">
      <![CDATA[java.lang.Error: Unresolved compilation problem: 
The method ChangeURL(String, String, String, boolean) in the type WebDriver_Functions is not applicable for the arguments (String, String, boolean)

at ATRK_Application.pi_12.ATRK_AVERT_1228244(pi_12.java:64)
at sun.reflect.NativeMethodAccessorImpl.invoke0(Native Method)
at sun.reflect.NativeMethodAccessorImpl.invoke(Unknown Source)
at sun.reflect.DelegatingMethodAccessorImpl.invoke(Unknown Source)
at java.lang.reflect.Method.invoke(Unknown Source)
at org.testng.internal.MethodInvocationHelper.invokeMethod(MethodInvocationHelper.java:124)
at org.testng.internal.Invoker.invokeMethod(Invoker.java:580)
at org.testng.internal.Invoker.invokeTestMethod(Invoker.java:716)
at org.testng.internal.TestMethodWithDataProviderMethodWorker.call(TestMethodWithDataProviderMethodWorker.java:71)
at org.testng.internal.TestMethodWithDataProviderMethodWorker.call(TestMethodWithDataProviderMethodWorker.java:14)
at java.util.concurrent.FutureTask.run(Unknown Source)
at java.util.concurrent.Executors$RunnableAdapter.call(Unknown Source)
at java.util.concurrent.FutureTask.run(Unknown Source)
at java.util.concurrent.ThreadPoolExecutor.runWorker(Unknown Source)
at java.util.concurrent.ThreadPoolExecutor$Worker.run(Unknown Source)
at java.lang.Thread.run(Unknown Source)
]]>
    </error>
  </testcase> <!-- ATRK_AVERT_1228244 -->
  <testcase name="ATRK_AVERT_1228244" time="0.005" classname="ATRK_Application.pi_12">
    <error type="java.lang.Error" message="Unresolved compilation problem: 
	The method ChangeURL(String, String, String, boolean) in the type WebDriver_Functions is not applicable for the arguments (String, String, boolean)
">
      <![CDATA[java.lang.Error: Unresolved compilation problem: 
The method ChangeURL(String, String, String, boolean) in the type WebDriver_Functions is not applicable for the arguments (String, String, boolean)

at ATRK_Application.pi_12.ATRK_AVERT_1228244(pi_12.java:64)
at sun.reflect.NativeMethodAccessorImpl.invoke0(Native Method)
at sun.reflect.NativeMethodAccessorImpl.invoke(Unknown Source)
at sun.reflect.DelegatingMethodAccessorImpl.invoke(Unknown Source)
at java.lang.reflect.Method.invoke(Unknown Source)
at org.testng.internal.MethodInvocationHelper.invokeMethod(MethodInvocationHelper.java:124)
at org.testng.internal.Invoker.invokeMethod(Invoker.java:580)
at org.testng.internal.Invoker.invokeTestMethod(Invoker.java:716)
at org.testng.internal.TestMethodWithDataProviderMethodWorker.call(TestMethodWithDataProviderMethodWorker.java:71)
at org.testng.internal.TestMethodWithDataProviderMethodWorker.call(TestMethodWithDataProviderMethodWorker.java:14)
at java.util.concurrent.FutureTask.run(Unknown Source)
at java.util.concurrent.Executors$RunnableAdapter.call(Unknown Source)
at java.util.concurrent.FutureTask.run(Unknown Source)
at java.util.concurrent.ThreadPoolExecutor.runWorker(Unknown Source)
at java.util.concurrent.ThreadPoolExecutor$Worker.run(Unknown Source)
at java.lang.Thread.run(Unknown Source)
]]>
    </error>
  </testcase> <!-- ATRK_AVERT_1228244 -->
  <testcase name="ATRK_AVERT_1228244" time="0.010" classname="ATRK_Application.pi_12">
    <error type="java.lang.Error" message="Unresolved compilation problem: 
	The method ChangeURL(String, String, String, boolean) in the type WebDriver_Functions is not applicable for the arguments (String, String, boolean)
">
      <![CDATA[java.lang.Error: Unresolved compilation problem: 
The method ChangeURL(String, String, String, boolean) in the type WebDriver_Functions is not applicable for the arguments (String, String, boolean)

at ATRK_Application.pi_12.ATRK_AVERT_1228244(pi_12.java:64)
at sun.reflect.NativeMethodAccessorImpl.invoke0(Native Method)
at sun.reflect.NativeMethodAccessorImpl.invoke(Unknown Source)
at sun.reflect.DelegatingMethodAccessorImpl.invoke(Unknown Source)
at java.lang.reflect.Method.invoke(Unknown Source)
at org.testng.internal.MethodInvocationHelper.invokeMethod(MethodInvocationHelper.java:124)
at org.testng.internal.Invoker.invokeMethod(Invoker.java:580)
at org.testng.internal.Invoker.invokeTestMethod(Invoker.java:716)
at org.testng.internal.TestMethodWithDataProviderMethodWorker.call(TestMethodWithDataProviderMethodWorker.java:71)
at org.testng.internal.TestMethodWithDataProviderMethodWorker.call(TestMethodWithDataProviderMethodWorker.java:14)
at java.util.concurrent.FutureTask.run(Unknown Source)
at java.util.concurrent.Executors$RunnableAdapter.call(Unknown Source)
at java.util.concurrent.FutureTask.run(Unknown Source)
at java.util.concurrent.ThreadPoolExecutor.runWorker(Unknown Source)
at java.util.concurrent.ThreadPoolExecutor$Worker.run(Unknown Source)
at java.lang.Thread.run(Unknown Source)
]]>
    </error>
  </testcase> <!-- ATRK_AVERT_1228244 -->
</testsuite> <!-- ATRK_Application.pi_12 -->
